{"F:\\unipe-app\\employee-app\\KeyboardAvoidingWrapper.jsx": {"path":"F:\\unipe-app\\employee-app\\KeyboardAvoidingWrapper.jsx","statementMap":{"0":{"start":{"line":11,"column":39},"end":{"line":28,"column":1}},"1":{"start":{"line":12,"column":2},"end":{"line":27,"column":4}}},"fnMap":{"0":{"name":"(anonymous_0)","decl":{"start":{"line":11,"column":39},"end":{"line":11,"column":40}},"loc":{"start":{"line":11,"column":57},"end":{"line":28,"column":1}},"line":11}},"branchMap":{"0":{"loc":{"start":{"line":17,"column":18},"end":{"line":17,"column":62}},"type":"cond-expr","locations":[{"start":{"line":17,"column":42},"end":{"line":17,"column":51}},{"start":{"line":17,"column":54},"end":{"line":17,"column":62}}],"line":17},"1":{"loc":{"start":{"line":18,"column":32},"end":{"line":18,"column":63}},"type":"cond-expr","locations":[{"start":{"line":18,"column":56},"end":{"line":18,"column":59}},{"start":{"line":18,"column":62},"end":{"line":18,"column":63}}],"line":18}},"s":{"0":5,"1":21},"f":{"0":21},"b":{"0":[21,0],"1":[21,0]},"_coverageSchema":"1a1c01bbd47fc00a2c39e90264f33305004495a9","hash":"ee2693825f73d1cf3ca593fbc867560440811777"}
,"F:\\unipe-app\\employee-app\\assetsTransformer.js": {"path":"F:\\unipe-app\\employee-app\\assetsTransformer.js","statementMap":{"0":{"start":{"line":1,"column":13},"end":{"line":1,"column":28}},"1":{"start":{"line":3,"column":0},"end":{"line":7,"column":2}},"2":{"start":{"line":5,"column":4},"end":{"line":5,"column":79}}},"fnMap":{"0":{"name":"(anonymous_0)","decl":{"start":{"line":4,"column":2},"end":{"line":4,"column":3}},"loc":{"start":{"line":4,"column":42},"end":{"line":6,"column":3}},"line":4}},"branchMap":{},"s":{"0":10,"1":10,"2":0},"f":{"0":0},"b":{},"_coverageSchema":"1a1c01bbd47fc00a2c39e90264f33305004495a9","hash":"9ba54bac8a5fe3a0af018e6d5bae58c10693858c"}
,"F:\\unipe-app\\employee-app\\styles.jsx": {"path":"F:\\unipe-app\\employee-app\\styles.jsx","statementMap":{"0":{"start":{"line":3,"column":22},"end":{"line":119,"column":2}},"1":{"start":{"line":121,"column":23},"end":{"line":133,"column":2}},"2":{"start":{"line":135,"column":27},"end":{"line":148,"column":2}},"3":{"start":{"line":150,"column":20},"end":{"line":275,"column":2}},"4":{"start":{"line":277,"column":24},"end":{"line":292,"column":2}},"5":{"start":{"line":294,"column":24},"end":{"line":354,"column":2}},"6":{"start":{"line":356,"column":24},"end":{"line":384,"column":2}},"7":{"start":{"line":386,"column":19},"end":{"line":394,"column":2}},"8":{"start":{"line":396,"column":25},"end":{"line":410,"column":2}},"9":{"start":{"line":411,"column":22},"end":{"line":464,"column":2}},"10":{"start":{"line":466,"column":23},"end":{"line":491,"column":2}},"11":{"start":{"line":493,"column":22},"end":{"line":513,"column":2}},"12":{"start":{"line":515,"column":20},"end":{"line":523,"column":2}},"13":{"start":{"line":525,"column":23},"end":{"line":544,"column":2}},"14":{"start":{"line":546,"column":20},"end":{"line":564,"column":2}},"15":{"start":{"line":566,"column":19},"end":{"line":572,"column":2}}},"fnMap":{},"branchMap":{},"s":{"0":11,"1":11,"2":11,"3":11,"4":11,"5":11,"6":11,"7":11,"8":11,"9":11,"10":11,"11":11,"12":11,"13":11,"14":11,"15":11},"f":{},"b":{},"_coverageSchema":"1a1c01bbd47fc00a2c39e90264f33305004495a9","hash":"f5dc6632f427a0b408972431416b5cd32113c9b4"}
,"F:\\unipe-app\\employee-app\\apis\\ApiView.jsx": {"path":"F:\\unipe-app\\employee-app\\apis\\ApiView.jsx","statementMap":{"0":{"start":{"line":5,"column":51},"end":{"line":5,"column":56}},"1":{"start":{"line":6,"column":2},"end":{"line":19,"column":4}},"2":{"start":{"line":16,"column":8},"end":{"line":16,"column":21}}},"fnMap":{"0":{"name":"ApiView","decl":{"start":{"line":4,"column":9},"end":{"line":4,"column":16}},"loc":{"start":{"line":4,"column":24},"end":{"line":20,"column":1}},"line":4},"1":{"name":"(anonymous_1)","decl":{"start":{"line":15,"column":15},"end":{"line":15,"column":16}},"loc":{"start":{"line":15,"column":21},"end":{"line":17,"column":7}},"line":15}},"branchMap":{"0":{"loc":{"start":{"line":9,"column":13},"end":{"line":9,"column":47}},"type":"cond-expr","locations":[{"start":{"line":9,"column":23},"end":{"line":9,"column":34}},{"start":{"line":9,"column":37},"end":{"line":9,"column":47}}],"line":9},"1":{"loc":{"start":{"line":14,"column":16},"end":{"line":14,"column":35}},"type":"binary-expr","locations":[{"start":{"line":14,"column":16},"end":{"line":14,"column":23}},{"start":{"line":14,"column":27},"end":{"line":14,"column":35}}],"line":14}},"s":{"0":26,"1":26,"2":2},"f":{"0":26,"1":2},"b":{"0":[6,20],"1":[26,20]},"_coverageSchema":"1a1c01bbd47fc00a2c39e90264f33305004495a9","hash":"8e012597b5d9b5909770ee68483f686b44bfe449"}
,"F:\\unipe-app\\employee-app\\apis\\aadhaar\\Confirm.jsx": {"path":"F:\\unipe-app\\employee-app\\apis\\aadhaar\\Confirm.jsx","statementMap":{"0":{"start":{"line":11,"column":19},"end":{"line":11,"column":32}},"1":{"start":{"line":12,"column":21},"end":{"line":12,"column":36}},"2":{"start":{"line":14,"column":40},"end":{"line":14,"column":55}},"3":{"start":{"line":16,"column":13},"end":{"line":16,"column":50}},"4":{"start":{"line":16,"column":36},"end":{"line":16,"column":49}},"5":{"start":{"line":17,"column":15},"end":{"line":17,"column":57}},"6":{"start":{"line":17,"column":38},"end":{"line":17,"column":56}},"7":{"start":{"line":18,"column":17},"end":{"line":18,"column":61}},"8":{"start":{"line":18,"column":40},"end":{"line":18,"column":60}},"9":{"start":{"line":20,"column":23},"end":{"line":20,"column":60}},"10":{"start":{"line":20,"column":46},"end":{"line":20,"column":59}},"11":{"start":{"line":21,"column":36},"end":{"line":21,"column":69}},"12":{"start":{"line":22,"column":42},"end":{"line":22,"column":78}},"13":{"start":{"line":24,"column":2},"end":{"line":26,"column":18}},"14":{"start":{"line":25,"column":4},"end":{"line":25,"column":38}},"15":{"start":{"line":28,"column":2},"end":{"line":30,"column":21}},"16":{"start":{"line":29,"column":4},"end":{"line":29,"column":44}},"17":{"start":{"line":32,"column":2},"end":{"line":45,"column":20}},"18":{"start":{"line":33,"column":4},"end":{"line":33,"column":29}},"19":{"start":{"line":34,"column":4},"end":{"line":44,"column":5}},"20":{"start":{"line":35,"column":6},"end":{"line":42,"column":9}},"21":{"start":{"line":43,"column":6},"end":{"line":43,"column":28}},"22":{"start":{"line":47,"column":2},"end":{"line":105,"column":4}},"23":{"start":{"line":83,"column":12},"end":{"line":83,"column":45}},"24":{"start":{"line":84,"column":12},"end":{"line":84,"column":37}},"25":{"start":{"line":85,"column":12},"end":{"line":85,"column":33}},"26":{"start":{"line":86,"column":12},"end":{"line":86,"column":47}},"27":{"start":{"line":96,"column":12},"end":{"line":96,"column":46}},"28":{"start":{"line":97,"column":12},"end":{"line":97,"column":39}},"29":{"start":{"line":98,"column":12},"end":{"line":98,"column":33}},"30":{"start":{"line":99,"column":12},"end":{"line":99,"column":43}}},"fnMap":{"0":{"name":"Confirm","decl":{"start":{"line":10,"column":9},"end":{"line":10,"column":16}},"loc":{"start":{"line":10,"column":19},"end":{"line":106,"column":1}},"line":10},"1":{"name":"(anonymous_1)","decl":{"start":{"line":16,"column":25},"end":{"line":16,"column":26}},"loc":{"start":{"line":16,"column":36},"end":{"line":16,"column":49}},"line":16},"2":{"name":"(anonymous_2)","decl":{"start":{"line":17,"column":27},"end":{"line":17,"column":28}},"loc":{"start":{"line":17,"column":38},"end":{"line":17,"column":56}},"line":17},"3":{"name":"(anonymous_3)","decl":{"start":{"line":18,"column":29},"end":{"line":18,"column":30}},"loc":{"start":{"line":18,"column":40},"end":{"line":18,"column":60}},"line":18},"4":{"name":"(anonymous_4)","decl":{"start":{"line":20,"column":35},"end":{"line":20,"column":36}},"loc":{"start":{"line":20,"column":46},"end":{"line":20,"column":59}},"line":20},"5":{"name":"(anonymous_5)","decl":{"start":{"line":24,"column":12},"end":{"line":24,"column":13}},"loc":{"start":{"line":24,"column":18},"end":{"line":26,"column":3}},"line":24},"6":{"name":"(anonymous_6)","decl":{"start":{"line":28,"column":12},"end":{"line":28,"column":13}},"loc":{"start":{"line":28,"column":18},"end":{"line":30,"column":3}},"line":28},"7":{"name":"(anonymous_7)","decl":{"start":{"line":32,"column":12},"end":{"line":32,"column":13}},"loc":{"start":{"line":32,"column":18},"end":{"line":45,"column":3}},"line":32},"8":{"name":"(anonymous_8)","decl":{"start":{"line":82,"column":19},"end":{"line":82,"column":20}},"loc":{"start":{"line":82,"column":25},"end":{"line":87,"column":11}},"line":82},"9":{"name":"(anonymous_9)","decl":{"start":{"line":95,"column":19},"end":{"line":95,"column":20}},"loc":{"start":{"line":95,"column":25},"end":{"line":100,"column":11}},"line":95}},"branchMap":{"0":{"loc":{"start":{"line":34,"column":4},"end":{"line":44,"column":5}},"type":"if","locations":[{"start":{"line":34,"column":4},"end":{"line":44,"column":5}},{"start":{},"end":{}}],"line":34}},"s":{"0":0,"1":0,"2":0,"3":0,"4":0,"5":0,"6":0,"7":0,"8":0,"9":0,"10":0,"11":0,"12":0,"13":0,"14":0,"15":0,"16":0,"17":0,"18":0,"19":0,"20":0,"21":0,"22":0,"23":0,"24":0,"25":0,"26":0,"27":0,"28":0,"29":0,"30":0},"f":{"0":0,"1":0,"2":0,"3":0,"4":0,"5":0,"6":0,"7":0,"8":0,"9":0},"b":{"0":[0,0]},"_coverageSchema":"1a1c01bbd47fc00a2c39e90264f33305004495a9","hash":"2bb1f7514bd41cd08df8add6a34ba3c5cd3e1e62"}
,"F:\\unipe-app\\employee-app\\apis\\aadhaar\\Otp.jsx": {"path":"F:\\unipe-app\\employee-app\\apis\\aadhaar\\Otp.jsx","statementMap":{"0":{"start":{"line":15,"column":19},"end":{"line":15,"column":32}},"1":{"start":{"line":17,"column":32},"end":{"line":17,"column":47}},"2":{"start":{"line":18,"column":40},"end":{"line":18,"column":55}},"3":{"start":{"line":20,"column":13},"end":{"line":20,"column":50}},"4":{"start":{"line":20,"column":36},"end":{"line":20,"column":49}},"5":{"start":{"line":21,"column":23},"end":{"line":21,"column":60}},"6":{"start":{"line":21,"column":46},"end":{"line":21,"column":59}},"7":{"start":{"line":22,"column":46},"end":{"line":24,"column":3}},"8":{"start":{"line":25,"column":36},"end":{"line":25,"column":69}},"9":{"start":{"line":26,"column":42},"end":{"line":26,"column":78}},"10":{"start":{"line":28,"column":2},"end":{"line":30,"column":23}},"11":{"start":{"line":29,"column":4},"end":{"line":29,"column":48}},"12":{"start":{"line":32,"column":2},"end":{"line":34,"column":18}},"13":{"start":{"line":33,"column":4},"end":{"line":33,"column":38}},"14":{"start":{"line":36,"column":2},"end":{"line":38,"column":21}},"15":{"start":{"line":37,"column":4},"end":{"line":37,"column":44}},"16":{"start":{"line":40,"column":2},"end":{"line":53,"column":20}},"17":{"start":{"line":41,"column":4},"end":{"line":41,"column":29}},"18":{"start":{"line":42,"column":4},"end":{"line":42,"column":48}},"19":{"start":{"line":43,"column":4},"end":{"line":52,"column":5}},"20":{"start":{"line":44,"column":6},"end":{"line":49,"column":9}},"21":{"start":{"line":50,"column":6},"end":{"line":50,"column":28}},"22":{"start":{"line":51,"column":6},"end":{"line":51,"column":24}},"23":{"start":{"line":55,"column":21},"end":{"line":112,"column":3}},"24":{"start":{"line":56,"column":4},"end":{"line":56,"column":21}},"25":{"start":{"line":57,"column":20},"end":{"line":65,"column":5}},"26":{"start":{"line":67,"column":4},"end":{"line":111,"column":9}},"27":{"start":{"line":68,"column":26},"end":{"line":68,"column":41}},"28":{"start":{"line":70,"column":8},"end":{"line":104,"column":9}},"29":{"start":{"line":71,"column":10},"end":{"line":97,"column":11}},"30":{"start":{"line":72,"column":12},"end":{"line":86,"column":13}},"31":{"start":{"line":74,"column":16},"end":{"line":74,"column":74}},"32":{"start":{"line":75,"column":16},"end":{"line":75,"column":49}},"33":{"start":{"line":76,"column":16},"end":{"line":76,"column":43}},"34":{"start":{"line":77,"column":16},"end":{"line":77,"column":37}},"35":{"start":{"line":78,"column":16},"end":{"line":78,"column":53}},"36":{"start":{"line":79,"column":16},"end":{"line":79,"column":22}},"37":{"start":{"line":81,"column":16},"end":{"line":81,"column":62}},"38":{"start":{"line":82,"column":16},"end":{"line":82,"column":41}},"39":{"start":{"line":83,"column":16},"end":{"line":83,"column":37}},"40":{"start":{"line":84,"column":16},"end":{"line":84,"column":70}},"41":{"start":{"line":85,"column":16},"end":{"line":85,"column":22}},"42":{"start":{"line":87,"column":17},"end":{"line":97,"column":11}},"43":{"start":{"line":88,"column":12},"end":{"line":88,"column":59}},"44":{"start":{"line":89,"column":12},"end":{"line":89,"column":37}},"45":{"start":{"line":90,"column":12},"end":{"line":90,"column":33}},"46":{"start":{"line":91,"column":12},"end":{"line":91,"column":67}},"47":{"start":{"line":93,"column":12},"end":{"line":93,"column":50}},"48":{"start":{"line":94,"column":12},"end":{"line":94,"column":37}},"49":{"start":{"line":95,"column":12},"end":{"line":95,"column":33}},"50":{"start":{"line":96,"column":12},"end":{"line":96,"column":58}},"51":{"start":{"line":99,"column":10},"end":{"line":99,"column":40}},"52":{"start":{"line":100,"column":10},"end":{"line":100,"column":30}},"53":{"start":{"line":101,"column":10},"end":{"line":101,"column":35}},"54":{"start":{"line":102,"column":10},"end":{"line":102,"column":31}},"55":{"start":{"line":103,"column":10},"end":{"line":103,"column":38}},"56":{"start":{"line":107,"column":8},"end":{"line":107,"column":28}},"57":{"start":{"line":108,"column":8},"end":{"line":108,"column":33}},"58":{"start":{"line":109,"column":8},"end":{"line":109,"column":29}},"59":{"start":{"line":110,"column":8},"end":{"line":110,"column":36}},"60":{"start":{"line":114,"column":2},"end":{"line":121,"column":4}},"61":{"start":{"line":118,"column":24},"end":{"line":118,"column":69}}},"fnMap":{"0":{"name":"Otp","decl":{"start":{"line":14,"column":9},"end":{"line":14,"column":12}},"loc":{"start":{"line":14,"column":57},"end":{"line":122,"column":1}},"line":14},"1":{"name":"(anonymous_1)","decl":{"start":{"line":20,"column":25},"end":{"line":20,"column":26}},"loc":{"start":{"line":20,"column":36},"end":{"line":20,"column":49}},"line":20},"2":{"name":"(anonymous_2)","decl":{"start":{"line":21,"column":35},"end":{"line":21,"column":36}},"loc":{"start":{"line":21,"column":46},"end":{"line":21,"column":59}},"line":21},"3":{"name":"(anonymous_3)","decl":{"start":{"line":28,"column":12},"end":{"line":28,"column":13}},"loc":{"start":{"line":28,"column":18},"end":{"line":30,"column":3}},"line":28},"4":{"name":"(anonymous_4)","decl":{"start":{"line":32,"column":12},"end":{"line":32,"column":13}},"loc":{"start":{"line":32,"column":18},"end":{"line":34,"column":3}},"line":32},"5":{"name":"(anonymous_5)","decl":{"start":{"line":36,"column":12},"end":{"line":36,"column":13}},"loc":{"start":{"line":36,"column":18},"end":{"line":38,"column":3}},"line":36},"6":{"name":"(anonymous_6)","decl":{"start":{"line":40,"column":12},"end":{"line":40,"column":13}},"loc":{"start":{"line":40,"column":18},"end":{"line":53,"column":3}},"line":40},"7":{"name":"(anonymous_7)","decl":{"start":{"line":55,"column":21},"end":{"line":55,"column":22}},"loc":{"start":{"line":55,"column":49},"end":{"line":112,"column":3}},"line":55},"8":{"name":"(anonymous_8)","decl":{"start":{"line":68,"column":12},"end":{"line":68,"column":13}},"loc":{"start":{"line":68,"column":26},"end":{"line":68,"column":41}},"line":68},"9":{"name":"(anonymous_9)","decl":{"start":{"line":69,"column":12},"end":{"line":69,"column":13}},"loc":{"start":{"line":69,"column":30},"end":{"line":105,"column":7}},"line":69},"10":{"name":"(anonymous_10)","decl":{"start":{"line":106,"column":13},"end":{"line":106,"column":14}},"loc":{"start":{"line":106,"column":24},"end":{"line":111,"column":7}},"line":106},"11":{"name":"(anonymous_11)","decl":{"start":{"line":118,"column":18},"end":{"line":118,"column":19}},"loc":{"start":{"line":118,"column":24},"end":{"line":118,"column":69}},"line":118}},"branchMap":{"0":{"loc":{"start":{"line":43,"column":4},"end":{"line":52,"column":5}},"type":"if","locations":[{"start":{"line":43,"column":4},"end":{"line":52,"column":5}},{"start":{},"end":{}}],"line":43},"1":{"loc":{"start":{"line":71,"column":10},"end":{"line":97,"column":11}},"type":"if","locations":[{"start":{"line":71,"column":10},"end":{"line":97,"column":11}},{"start":{"line":87,"column":17},"end":{"line":97,"column":11}}],"line":71},"2":{"loc":{"start":{"line":72,"column":12},"end":{"line":86,"column":13}},"type":"switch","locations":[{"start":{"line":73,"column":14},"end":{"line":79,"column":22}},{"start":{"line":80,"column":14},"end":{"line":85,"column":22}}],"line":72},"3":{"loc":{"start":{"line":87,"column":17},"end":{"line":97,"column":11}},"type":"if","locations":[{"start":{"line":87,"column":17},"end":{"line":97,"column":11}},{"start":{"line":92,"column":17},"end":{"line":97,"column":11}}],"line":87}},"s":{"0":9,"1":9,"2":9,"3":9,"4":11,"5":9,"6":11,"7":9,"8":9,"9":9,"10":9,"11":5,"12":9,"13":5,"14":9,"15":5,"16":9,"17":5,"18":5,"19":5,"20":0,"21":0,"22":0,"23":9,"24":1,"25":1,"26":1,"27":0,"28":0,"29":0,"30":0,"31":0,"32":0,"33":0,"34":0,"35":0,"36":0,"37":0,"38":0,"39":0,"40":0,"41":0,"42":0,"43":0,"44":0,"45":0,"46":0,"47":0,"48":0,"49":0,"50":0,"51":0,"52":0,"53":0,"54":0,"55":0,"56":0,"57":0,"58":0,"59":0,"60":9,"61":1},"f":{"0":9,"1":11,"2":11,"3":5,"4":5,"5":5,"6":5,"7":1,"8":0,"9":0,"10":0,"11":1},"b":{"0":[0,5],"1":[0,0],"2":[0,0],"3":[0,0]},"_coverageSchema":"1a1c01bbd47fc00a2c39e90264f33305004495a9","hash":"09db925dc7cd5c618ea060e63d3dbeff5830d9a2"}
,"F:\\unipe-app\\employee-app\\apis\\aadhaar\\Verify.jsx": {"path":"F:\\unipe-app\\employee-app\\apis\\aadhaar\\Verify.jsx","statementMap":{"0":{"start":{"line":15,"column":19},"end":{"line":15,"column":32}},"1":{"start":{"line":16,"column":21},"end":{"line":16,"column":36}},"2":{"start":{"line":18,"column":32},"end":{"line":18,"column":47}},"3":{"start":{"line":19,"column":40},"end":{"line":19,"column":55}},"4":{"start":{"line":21,"column":13},"end":{"line":21,"column":50}},"5":{"start":{"line":21,"column":36},"end":{"line":21,"column":49}},"6":{"start":{"line":22,"column":23},"end":{"line":22,"column":60}},"7":{"start":{"line":22,"column":46},"end":{"line":22,"column":59}},"8":{"start":{"line":23,"column":26},"end":{"line":23,"column":54}},"9":{"start":{"line":24,"column":46},"end":{"line":26,"column":3}},"10":{"start":{"line":27,"column":36},"end":{"line":27,"column":69}},"11":{"start":{"line":28,"column":42},"end":{"line":28,"column":78}},"12":{"start":{"line":30,"column":2},"end":{"line":32,"column":13}},"13":{"start":{"line":31,"column":4},"end":{"line":31,"column":28}},"14":{"start":{"line":34,"column":2},"end":{"line":36,"column":18}},"15":{"start":{"line":35,"column":4},"end":{"line":35,"column":38}},"16":{"start":{"line":38,"column":2},"end":{"line":40,"column":21}},"17":{"start":{"line":39,"column":4},"end":{"line":39,"column":44}},"18":{"start":{"line":42,"column":2},"end":{"line":56,"column":20}},"19":{"start":{"line":43,"column":4},"end":{"line":43,"column":29}},"20":{"start":{"line":44,"column":4},"end":{"line":44,"column":48}},"21":{"start":{"line":45,"column":4},"end":{"line":55,"column":5}},"22":{"start":{"line":46,"column":6},"end":{"line":52,"column":9}},"23":{"start":{"line":53,"column":6},"end":{"line":53,"column":28}},"24":{"start":{"line":54,"column":6},"end":{"line":54,"column":24}},"25":{"start":{"line":58,"column":21},"end":{"line":122,"column":3}},"26":{"start":{"line":59,"column":4},"end":{"line":59,"column":21}},"27":{"start":{"line":61,"column":17},"end":{"line":66,"column":5}},"28":{"start":{"line":68,"column":20},"end":{"line":76,"column":5}},"29":{"start":{"line":78,"column":4},"end":{"line":121,"column":9}},"30":{"start":{"line":79,"column":26},"end":{"line":79,"column":41}},"31":{"start":{"line":81,"column":8},"end":{"line":114,"column":9}},"32":{"start":{"line":82,"column":10},"end":{"line":107,"column":11}},"33":{"start":{"line":83,"column":12},"end":{"line":96,"column":13}},"34":{"start":{"line":85,"column":16},"end":{"line":85,"column":46}},"35":{"start":{"line":86,"column":16},"end":{"line":86,"column":54}},"36":{"start":{"line":87,"column":16},"end":{"line":87,"column":43}},"37":{"start":{"line":88,"column":16},"end":{"line":88,"column":37}},"38":{"start":{"line":89,"column":16},"end":{"line":89,"column":54}},"39":{"start":{"line":90,"column":16},"end":{"line":90,"column":22}},"40":{"start":{"line":92,"column":16},"end":{"line":92,"column":62}},"41":{"start":{"line":93,"column":16},"end":{"line":93,"column":41}},"42":{"start":{"line":94,"column":16},"end":{"line":94,"column":37}},"43":{"start":{"line":95,"column":16},"end":{"line":95,"column":70}},"44":{"start":{"line":97,"column":17},"end":{"line":107,"column":11}},"45":{"start":{"line":98,"column":12},"end":{"line":98,"column":59}},"46":{"start":{"line":99,"column":12},"end":{"line":99,"column":37}},"47":{"start":{"line":100,"column":12},"end":{"line":100,"column":33}},"48":{"start":{"line":101,"column":12},"end":{"line":101,"column":67}},"49":{"start":{"line":103,"column":12},"end":{"line":103,"column":50}},"50":{"start":{"line":104,"column":12},"end":{"line":104,"column":37}},"51":{"start":{"line":105,"column":12},"end":{"line":105,"column":33}},"52":{"start":{"line":106,"column":12},"end":{"line":106,"column":58}},"53":{"start":{"line":109,"column":10},"end":{"line":109,"column":40}},"54":{"start":{"line":110,"column":10},"end":{"line":110,"column":30}},"55":{"start":{"line":111,"column":10},"end":{"line":111,"column":35}},"56":{"start":{"line":112,"column":10},"end":{"line":112,"column":31}},"57":{"start":{"line":113,"column":10},"end":{"line":113,"column":38}},"58":{"start":{"line":117,"column":8},"end":{"line":117,"column":28}},"59":{"start":{"line":118,"column":8},"end":{"line":118,"column":33}},"60":{"start":{"line":119,"column":8},"end":{"line":119,"column":29}},"61":{"start":{"line":120,"column":8},"end":{"line":120,"column":36}},"62":{"start":{"line":124,"column":2},"end":{"line":131,"column":4}}},"fnMap":{"0":{"name":"Verify","decl":{"start":{"line":14,"column":9},"end":{"line":14,"column":15}},"loc":{"start":{"line":14,"column":23},"end":{"line":132,"column":1}},"line":14},"1":{"name":"(anonymous_1)","decl":{"start":{"line":21,"column":25},"end":{"line":21,"column":26}},"loc":{"start":{"line":21,"column":36},"end":{"line":21,"column":49}},"line":21},"2":{"name":"(anonymous_2)","decl":{"start":{"line":22,"column":35},"end":{"line":22,"column":36}},"loc":{"start":{"line":22,"column":46},"end":{"line":22,"column":59}},"line":22},"3":{"name":"(anonymous_3)","decl":{"start":{"line":30,"column":12},"end":{"line":30,"column":13}},"loc":{"start":{"line":30,"column":18},"end":{"line":32,"column":3}},"line":30},"4":{"name":"(anonymous_4)","decl":{"start":{"line":34,"column":12},"end":{"line":34,"column":13}},"loc":{"start":{"line":34,"column":18},"end":{"line":36,"column":3}},"line":34},"5":{"name":"(anonymous_5)","decl":{"start":{"line":38,"column":12},"end":{"line":38,"column":13}},"loc":{"start":{"line":38,"column":18},"end":{"line":40,"column":3}},"line":38},"6":{"name":"(anonymous_6)","decl":{"start":{"line":42,"column":12},"end":{"line":42,"column":13}},"loc":{"start":{"line":42,"column":18},"end":{"line":56,"column":3}},"line":42},"7":{"name":"(anonymous_7)","decl":{"start":{"line":58,"column":21},"end":{"line":58,"column":22}},"loc":{"start":{"line":58,"column":27},"end":{"line":122,"column":3}},"line":58},"8":{"name":"(anonymous_8)","decl":{"start":{"line":79,"column":12},"end":{"line":79,"column":13}},"loc":{"start":{"line":79,"column":26},"end":{"line":79,"column":41}},"line":79},"9":{"name":"(anonymous_9)","decl":{"start":{"line":80,"column":12},"end":{"line":80,"column":13}},"loc":{"start":{"line":80,"column":30},"end":{"line":115,"column":7}},"line":80},"10":{"name":"(anonymous_10)","decl":{"start":{"line":116,"column":13},"end":{"line":116,"column":14}},"loc":{"start":{"line":116,"column":24},"end":{"line":121,"column":7}},"line":116}},"branchMap":{"0":{"loc":{"start":{"line":45,"column":4},"end":{"line":55,"column":5}},"type":"if","locations":[{"start":{"line":45,"column":4},"end":{"line":55,"column":5}},{"start":{},"end":{}}],"line":45},"1":{"loc":{"start":{"line":82,"column":10},"end":{"line":107,"column":11}},"type":"if","locations":[{"start":{"line":82,"column":10},"end":{"line":107,"column":11}},{"start":{"line":97,"column":17},"end":{"line":107,"column":11}}],"line":82},"2":{"loc":{"start":{"line":83,"column":12},"end":{"line":96,"column":13}},"type":"switch","locations":[{"start":{"line":84,"column":14},"end":{"line":90,"column":22}},{"start":{"line":91,"column":14},"end":{"line":95,"column":70}}],"line":83},"3":{"loc":{"start":{"line":97,"column":17},"end":{"line":107,"column":11}},"type":"if","locations":[{"start":{"line":97,"column":17},"end":{"line":107,"column":11}},{"start":{"line":102,"column":17},"end":{"line":107,"column":11}}],"line":97}},"s":{"0":0,"1":0,"2":0,"3":0,"4":0,"5":0,"6":0,"7":0,"8":0,"9":0,"10":0,"11":0,"12":0,"13":0,"14":0,"15":0,"16":0,"17":0,"18":0,"19":0,"20":0,"21":0,"22":0,"23":0,"24":0,"25":0,"26":0,"27":0,"28":0,"29":0,"30":0,"31":0,"32":0,"33":0,"34":0,"35":0,"36":0,"37":0,"38":0,"39":0,"40":0,"41":0,"42":0,"43":0,"44":0,"45":0,"46":0,"47":0,"48":0,"49":0,"50":0,"51":0,"52":0,"53":0,"54":0,"55":0,"56":0,"57":0,"58":0,"59":0,"60":0,"61":0,"62":0},"f":{"0":0,"1":0,"2":0,"3":0,"4":0,"5":0,"6":0,"7":0,"8":0,"9":0,"10":0},"b":{"0":[0,0],"1":[0,0],"2":[0,0],"3":[0,0]},"_coverageSchema":"1a1c01bbd47fc00a2c39e90264f33305004495a9","hash":"954520a89aa6211c8106e31924ba93a4fdd3360e"}
,"F:\\unipe-app\\employee-app\\apis\\bank\\Confirm.jsx": {"path":"F:\\unipe-app\\employee-app\\apis\\bank\\Confirm.jsx","statementMap":{"0":{"start":{"line":14,"column":19},"end":{"line":14,"column":32}},"1":{"start":{"line":15,"column":21},"end":{"line":15,"column":36}},"2":{"start":{"line":17,"column":40},"end":{"line":17,"column":55}},"3":{"start":{"line":18,"column":13},"end":{"line":18,"column":50}},"4":{"start":{"line":18,"column":36},"end":{"line":18,"column":49}},"5":{"start":{"line":20,"column":28},"end":{"line":22,"column":3}},"6":{"start":{"line":21,"column":15},"end":{"line":21,"column":43}},"7":{"start":{"line":23,"column":15},"end":{"line":23,"column":55}},"8":{"start":{"line":23,"column":38},"end":{"line":23,"column":54}},"9":{"start":{"line":24,"column":24},"end":{"line":24,"column":73}},"10":{"start":{"line":24,"column":47},"end":{"line":24,"column":72}},"11":{"start":{"line":25,"column":14},"end":{"line":25,"column":53}},"12":{"start":{"line":25,"column":37},"end":{"line":25,"column":52}},"13":{"start":{"line":26,"column":19},"end":{"line":26,"column":63}},"14":{"start":{"line":26,"column":42},"end":{"line":26,"column":62}},"15":{"start":{"line":27,"column":17},"end":{"line":27,"column":63}},"16":{"start":{"line":27,"column":40},"end":{"line":27,"column":62}},"17":{"start":{"line":28,"column":15},"end":{"line":28,"column":61}},"18":{"start":{"line":28,"column":38},"end":{"line":28,"column":60}},"19":{"start":{"line":30,"column":20},"end":{"line":30,"column":54}},"20":{"start":{"line":30,"column":43},"end":{"line":30,"column":53}},"21":{"start":{"line":31,"column":42},"end":{"line":31,"column":75}},"22":{"start":{"line":32,"column":36},"end":{"line":32,"column":66}},"23":{"start":{"line":34,"column":2},"end":{"line":36,"column":18}},"24":{"start":{"line":35,"column":4},"end":{"line":35,"column":42}},"25":{"start":{"line":38,"column":2},"end":{"line":40,"column":21}},"26":{"start":{"line":39,"column":4},"end":{"line":39,"column":48}},"27":{"start":{"line":42,"column":2},"end":{"line":55,"column":20}},"28":{"start":{"line":43,"column":4},"end":{"line":43,"column":43}},"29":{"start":{"line":44,"column":4},"end":{"line":53,"column":5}},"30":{"start":{"line":45,"column":6},"end":{"line":52,"column":9}},"31":{"start":{"line":54,"column":4},"end":{"line":54,"column":26}},"32":{"start":{"line":57,"column":2},"end":{"line":106,"column":4}},"33":{"start":{"line":83,"column":12},"end":{"line":83,"column":45}},"34":{"start":{"line":84,"column":12},"end":{"line":84,"column":37}},"35":{"start":{"line":85,"column":12},"end":{"line":85,"column":33}},"36":{"start":{"line":86,"column":12},"end":{"line":86,"column":48}},"37":{"start":{"line":97,"column":12},"end":{"line":97,"column":46}},"38":{"start":{"line":98,"column":12},"end":{"line":98,"column":39}},"39":{"start":{"line":99,"column":12},"end":{"line":99,"column":33}},"40":{"start":{"line":100,"column":12},"end":{"line":100,"column":55}}},"fnMap":{"0":{"name":"Confirm","decl":{"start":{"line":13,"column":9},"end":{"line":13,"column":16}},"loc":{"start":{"line":13,"column":19},"end":{"line":107,"column":1}},"line":13},"1":{"name":"(anonymous_1)","decl":{"start":{"line":18,"column":25},"end":{"line":18,"column":26}},"loc":{"start":{"line":18,"column":36},"end":{"line":18,"column":49}},"line":18},"2":{"name":"(anonymous_2)","decl":{"start":{"line":21,"column":4},"end":{"line":21,"column":5}},"loc":{"start":{"line":21,"column":15},"end":{"line":21,"column":43}},"line":21},"3":{"name":"(anonymous_3)","decl":{"start":{"line":23,"column":27},"end":{"line":23,"column":28}},"loc":{"start":{"line":23,"column":38},"end":{"line":23,"column":54}},"line":23},"4":{"name":"(anonymous_4)","decl":{"start":{"line":24,"column":36},"end":{"line":24,"column":37}},"loc":{"start":{"line":24,"column":47},"end":{"line":24,"column":72}},"line":24},"5":{"name":"(anonymous_5)","decl":{"start":{"line":25,"column":26},"end":{"line":25,"column":27}},"loc":{"start":{"line":25,"column":37},"end":{"line":25,"column":52}},"line":25},"6":{"name":"(anonymous_6)","decl":{"start":{"line":26,"column":31},"end":{"line":26,"column":32}},"loc":{"start":{"line":26,"column":42},"end":{"line":26,"column":62}},"line":26},"7":{"name":"(anonymous_7)","decl":{"start":{"line":27,"column":29},"end":{"line":27,"column":30}},"loc":{"start":{"line":27,"column":40},"end":{"line":27,"column":62}},"line":27},"8":{"name":"(anonymous_8)","decl":{"start":{"line":28,"column":27},"end":{"line":28,"column":28}},"loc":{"start":{"line":28,"column":38},"end":{"line":28,"column":60}},"line":28},"9":{"name":"(anonymous_9)","decl":{"start":{"line":30,"column":32},"end":{"line":30,"column":33}},"loc":{"start":{"line":30,"column":43},"end":{"line":30,"column":53}},"line":30},"10":{"name":"(anonymous_10)","decl":{"start":{"line":34,"column":12},"end":{"line":34,"column":13}},"loc":{"start":{"line":34,"column":18},"end":{"line":36,"column":3}},"line":34},"11":{"name":"(anonymous_11)","decl":{"start":{"line":38,"column":12},"end":{"line":38,"column":13}},"loc":{"start":{"line":38,"column":18},"end":{"line":40,"column":3}},"line":38},"12":{"name":"(anonymous_12)","decl":{"start":{"line":42,"column":12},"end":{"line":42,"column":13}},"loc":{"start":{"line":42,"column":18},"end":{"line":55,"column":3}},"line":42},"13":{"name":"(anonymous_13)","decl":{"start":{"line":82,"column":19},"end":{"line":82,"column":20}},"loc":{"start":{"line":82,"column":25},"end":{"line":87,"column":11}},"line":82},"14":{"name":"(anonymous_14)","decl":{"start":{"line":96,"column":19},"end":{"line":96,"column":20}},"loc":{"start":{"line":96,"column":25},"end":{"line":101,"column":11}},"line":96}},"branchMap":{"0":{"loc":{"start":{"line":44,"column":4},"end":{"line":53,"column":5}},"type":"if","locations":[{"start":{"line":44,"column":4},"end":{"line":53,"column":5}},{"start":{},"end":{}}],"line":44}},"s":{"0":0,"1":0,"2":0,"3":0,"4":0,"5":0,"6":0,"7":0,"8":0,"9":0,"10":0,"11":0,"12":0,"13":0,"14":0,"15":0,"16":0,"17":0,"18":0,"19":0,"20":0,"21":0,"22":0,"23":0,"24":0,"25":0,"26":0,"27":0,"28":0,"29":0,"30":0,"31":0,"32":0,"33":0,"34":0,"35":0,"36":0,"37":0,"38":0,"39":0,"40":0},"f":{"0":0,"1":0,"2":0,"3":0,"4":0,"5":0,"6":0,"7":0,"8":0,"9":0,"10":0,"11":0,"12":0,"13":0,"14":0},"b":{"0":[0,0]},"_coverageSchema":"1a1c01bbd47fc00a2c39e90264f33305004495a9","hash":"48d3b11695ee88d8bfc835faf4e228998021bf1d"}
,"F:\\unipe-app\\employee-app\\apis\\bank\\Verify.jsx": {"path":"F:\\unipe-app\\employee-app\\apis\\bank\\Verify.jsx","statementMap":{"0":{"start":{"line":17,"column":19},"end":{"line":17,"column":32}},"1":{"start":{"line":18,"column":21},"end":{"line":18,"column":36}},"2":{"start":{"line":19,"column":32},"end":{"line":19,"column":47}},"3":{"start":{"line":20,"column":40},"end":{"line":20,"column":55}},"4":{"start":{"line":21,"column":13},"end":{"line":21,"column":50}},"5":{"start":{"line":21,"column":36},"end":{"line":21,"column":49}},"6":{"start":{"line":23,"column":15},"end":{"line":23,"column":55}},"7":{"start":{"line":23,"column":38},"end":{"line":23,"column":54}},"8":{"start":{"line":24,"column":24},"end":{"line":24,"column":73}},"9":{"start":{"line":24,"column":47},"end":{"line":24,"column":72}},"10":{"start":{"line":25,"column":14},"end":{"line":25,"column":53}},"11":{"start":{"line":25,"column":37},"end":{"line":25,"column":52}},"12":{"start":{"line":27,"column":20},"end":{"line":27,"column":54}},"13":{"start":{"line":27,"column":43},"end":{"line":27,"column":53}},"14":{"start":{"line":28,"column":38},"end":{"line":28,"column":69}},"15":{"start":{"line":29,"column":34},"end":{"line":29,"column":63}},"16":{"start":{"line":30,"column":26},"end":{"line":30,"column":57}},"17":{"start":{"line":31,"column":36},"end":{"line":31,"column":66}},"18":{"start":{"line":32,"column":42},"end":{"line":32,"column":75}},"19":{"start":{"line":34,"column":2},"end":{"line":36,"column":19}},"20":{"start":{"line":35,"column":4},"end":{"line":35,"column":40}},"21":{"start":{"line":38,"column":2},"end":{"line":40,"column":17}},"22":{"start":{"line":39,"column":4},"end":{"line":39,"column":36}},"23":{"start":{"line":42,"column":2},"end":{"line":44,"column":13}},"24":{"start":{"line":43,"column":4},"end":{"line":43,"column":34}},"25":{"start":{"line":46,"column":2},"end":{"line":48,"column":18}},"26":{"start":{"line":47,"column":4},"end":{"line":47,"column":42}},"27":{"start":{"line":50,"column":2},"end":{"line":52,"column":21}},"28":{"start":{"line":51,"column":4},"end":{"line":51,"column":48}},"29":{"start":{"line":54,"column":2},"end":{"line":69,"column":20}},"30":{"start":{"line":55,"column":4},"end":{"line":55,"column":43}},"31":{"start":{"line":56,"column":4},"end":{"line":56,"column":31}},"32":{"start":{"line":57,"column":4},"end":{"line":66,"column":5}},"33":{"start":{"line":58,"column":6},"end":{"line":65,"column":9}},"34":{"start":{"line":67,"column":4},"end":{"line":67,"column":26}},"35":{"start":{"line":68,"column":4},"end":{"line":68,"column":22}},"36":{"start":{"line":71,"column":21},"end":{"line":141,"column":3}},"37":{"start":{"line":72,"column":4},"end":{"line":72,"column":21}},"38":{"start":{"line":73,"column":20},"end":{"line":81,"column":5}},"39":{"start":{"line":83,"column":4},"end":{"line":140,"column":9}},"40":{"start":{"line":84,"column":26},"end":{"line":84,"column":41}},"41":{"start":{"line":86,"column":8},"end":{"line":86,"column":30}},"42":{"start":{"line":87,"column":8},"end":{"line":131,"column":9}},"43":{"start":{"line":88,"column":10},"end":{"line":124,"column":11}},"44":{"start":{"line":89,"column":12},"end":{"line":105,"column":13}},"45":{"start":{"line":91,"column":16},"end":{"line":91,"column":79}},"46":{"start":{"line":92,"column":16},"end":{"line":92,"column":80}},"47":{"start":{"line":93,"column":16},"end":{"line":93,"column":71}},"48":{"start":{"line":94,"column":16},"end":{"line":94,"column":56}},"49":{"start":{"line":95,"column":16},"end":{"line":95,"column":43}},"50":{"start":{"line":96,"column":16},"end":{"line":96,"column":37}},"51":{"start":{"line":97,"column":16},"end":{"line":97,"column":51}},"52":{"start":{"line":98,"column":16},"end":{"line":98,"column":22}},"53":{"start":{"line":100,"column":16},"end":{"line":100,"column":58}},"54":{"start":{"line":101,"column":16},"end":{"line":101,"column":41}},"55":{"start":{"line":102,"column":16},"end":{"line":102,"column":37}},"56":{"start":{"line":103,"column":16},"end":{"line":103,"column":66}},"57":{"start":{"line":104,"column":16},"end":{"line":104,"column":22}},"58":{"start":{"line":107,"column":12},"end":{"line":107,"column":37}},"59":{"start":{"line":108,"column":12},"end":{"line":123,"column":13}},"60":{"start":{"line":109,"column":14},"end":{"line":109,"column":46}},"61":{"start":{"line":110,"column":14},"end":{"line":110,"column":39}},"62":{"start":{"line":111,"column":14},"end":{"line":111,"column":35}},"63":{"start":{"line":112,"column":14},"end":{"line":117,"column":16}},"64":{"start":{"line":115,"column":40},"end":{"line":115,"column":55}},"65":{"start":{"line":119,"column":14},"end":{"line":119,"column":49}},"66":{"start":{"line":120,"column":14},"end":{"line":120,"column":39}},"67":{"start":{"line":121,"column":14},"end":{"line":121,"column":35}},"68":{"start":{"line":122,"column":14},"end":{"line":122,"column":56}},"69":{"start":{"line":126,"column":10},"end":{"line":126,"column":40}},"70":{"start":{"line":127,"column":10},"end":{"line":127,"column":30}},"71":{"start":{"line":128,"column":10},"end":{"line":128,"column":35}},"72":{"start":{"line":129,"column":10},"end":{"line":129,"column":31}},"73":{"start":{"line":130,"column":10},"end":{"line":130,"column":38}},"74":{"start":{"line":132,"column":8},"end":{"line":132,"column":29}},"75":{"start":{"line":135,"column":8},"end":{"line":135,"column":38}},"76":{"start":{"line":136,"column":8},"end":{"line":136,"column":28}},"77":{"start":{"line":137,"column":8},"end":{"line":137,"column":33}},"78":{"start":{"line":138,"column":8},"end":{"line":138,"column":29}},"79":{"start":{"line":139,"column":8},"end":{"line":139,"column":36}},"80":{"start":{"line":142,"column":2},"end":{"line":149,"column":4}}},"fnMap":{"0":{"name":"Verify","decl":{"start":{"line":16,"column":9},"end":{"line":16,"column":15}},"loc":{"start":{"line":16,"column":23},"end":{"line":150,"column":1}},"line":16},"1":{"name":"(anonymous_1)","decl":{"start":{"line":21,"column":25},"end":{"line":21,"column":26}},"loc":{"start":{"line":21,"column":36},"end":{"line":21,"column":49}},"line":21},"2":{"name":"(anonymous_2)","decl":{"start":{"line":23,"column":27},"end":{"line":23,"column":28}},"loc":{"start":{"line":23,"column":38},"end":{"line":23,"column":54}},"line":23},"3":{"name":"(anonymous_3)","decl":{"start":{"line":24,"column":36},"end":{"line":24,"column":37}},"loc":{"start":{"line":24,"column":47},"end":{"line":24,"column":72}},"line":24},"4":{"name":"(anonymous_4)","decl":{"start":{"line":25,"column":26},"end":{"line":25,"column":27}},"loc":{"start":{"line":25,"column":37},"end":{"line":25,"column":52}},"line":25},"5":{"name":"(anonymous_5)","decl":{"start":{"line":27,"column":32},"end":{"line":27,"column":33}},"loc":{"start":{"line":27,"column":43},"end":{"line":27,"column":53}},"line":27},"6":{"name":"(anonymous_6)","decl":{"start":{"line":34,"column":12},"end":{"line":34,"column":13}},"loc":{"start":{"line":34,"column":18},"end":{"line":36,"column":3}},"line":34},"7":{"name":"(anonymous_7)","decl":{"start":{"line":38,"column":12},"end":{"line":38,"column":13}},"loc":{"start":{"line":38,"column":18},"end":{"line":40,"column":3}},"line":38},"8":{"name":"(anonymous_8)","decl":{"start":{"line":42,"column":12},"end":{"line":42,"column":13}},"loc":{"start":{"line":42,"column":18},"end":{"line":44,"column":3}},"line":42},"9":{"name":"(anonymous_9)","decl":{"start":{"line":46,"column":12},"end":{"line":46,"column":13}},"loc":{"start":{"line":46,"column":18},"end":{"line":48,"column":3}},"line":46},"10":{"name":"(anonymous_10)","decl":{"start":{"line":50,"column":12},"end":{"line":50,"column":13}},"loc":{"start":{"line":50,"column":18},"end":{"line":52,"column":3}},"line":50},"11":{"name":"(anonymous_11)","decl":{"start":{"line":54,"column":12},"end":{"line":54,"column":13}},"loc":{"start":{"line":54,"column":18},"end":{"line":69,"column":3}},"line":54},"12":{"name":"(anonymous_12)","decl":{"start":{"line":71,"column":21},"end":{"line":71,"column":22}},"loc":{"start":{"line":71,"column":27},"end":{"line":141,"column":3}},"line":71},"13":{"name":"(anonymous_13)","decl":{"start":{"line":84,"column":12},"end":{"line":84,"column":13}},"loc":{"start":{"line":84,"column":26},"end":{"line":84,"column":41}},"line":84},"14":{"name":"(anonymous_14)","decl":{"start":{"line":85,"column":12},"end":{"line":85,"column":13}},"loc":{"start":{"line":85,"column":26},"end":{"line":133,"column":7}},"line":85},"15":{"name":"(anonymous_15)","decl":{"start":{"line":115,"column":23},"end":{"line":115,"column":24}},"loc":{"start":{"line":115,"column":40},"end":{"line":115,"column":55}},"line":115},"16":{"name":"(anonymous_16)","decl":{"start":{"line":134,"column":13},"end":{"line":134,"column":14}},"loc":{"start":{"line":134,"column":24},"end":{"line":140,"column":7}},"line":134}},"branchMap":{"0":{"loc":{"start":{"line":57,"column":4},"end":{"line":66,"column":5}},"type":"if","locations":[{"start":{"line":57,"column":4},"end":{"line":66,"column":5}},{"start":{},"end":{}}],"line":57},"1":{"loc":{"start":{"line":88,"column":10},"end":{"line":124,"column":11}},"type":"if","locations":[{"start":{"line":88,"column":10},"end":{"line":124,"column":11}},{"start":{"line":106,"column":17},"end":{"line":124,"column":11}}],"line":88},"2":{"loc":{"start":{"line":89,"column":12},"end":{"line":105,"column":13}},"type":"switch","locations":[{"start":{"line":90,"column":14},"end":{"line":98,"column":22}},{"start":{"line":99,"column":14},"end":{"line":104,"column":22}}],"line":89},"3":{"loc":{"start":{"line":108,"column":12},"end":{"line":123,"column":13}},"type":"if","locations":[{"start":{"line":108,"column":12},"end":{"line":123,"column":13}},{"start":{"line":118,"column":19},"end":{"line":123,"column":13}}],"line":108}},"s":{"0":4,"1":4,"2":4,"3":4,"4":4,"5":10,"6":4,"7":10,"8":4,"9":10,"10":4,"11":10,"12":4,"13":10,"14":4,"15":4,"16":4,"17":4,"18":4,"19":4,"20":4,"21":4,"22":4,"23":4,"24":4,"25":4,"26":4,"27":4,"28":4,"29":4,"30":4,"31":4,"32":4,"33":0,"34":4,"35":4,"36":4,"37":0,"38":0,"39":0,"40":0,"41":0,"42":0,"43":0,"44":0,"45":0,"46":0,"47":0,"48":0,"49":0,"50":0,"51":0,"52":0,"53":0,"54":0,"55":0,"56":0,"57":0,"58":0,"59":0,"60":0,"61":0,"62":0,"63":0,"64":0,"65":0,"66":0,"67":0,"68":0,"69":0,"70":0,"71":0,"72":0,"73":0,"74":0,"75":0,"76":0,"77":0,"78":0,"79":0,"80":4},"f":{"0":4,"1":10,"2":10,"3":10,"4":10,"5":10,"6":4,"7":4,"8":4,"9":4,"10":4,"11":4,"12":0,"13":0,"14":0,"15":0,"16":0},"b":{"0":[0,4],"1":[0,0],"2":[0,0],"3":[0,0]},"_coverageSchema":"1a1c01bbd47fc00a2c39e90264f33305004495a9","hash":"f108df8150ca303b28ef8532a308f8c90607e68b"}
,"F:\\unipe-app\\employee-app\\apis\\pan\\Confirm.jsx": {"path":"F:\\unipe-app\\employee-app\\apis\\pan\\Confirm.jsx","statementMap":{"0":{"start":{"line":11,"column":19},"end":{"line":11,"column":32}},"1":{"start":{"line":12,"column":21},"end":{"line":12,"column":36}},"2":{"start":{"line":14,"column":40},"end":{"line":14,"column":55}},"3":{"start":{"line":16,"column":13},"end":{"line":16,"column":50}},"4":{"start":{"line":16,"column":36},"end":{"line":16,"column":49}},"5":{"start":{"line":17,"column":14},"end":{"line":17,"column":51}},"6":{"start":{"line":17,"column":37},"end":{"line":17,"column":50}},"7":{"start":{"line":18,"column":16},"end":{"line":18,"column":55}},"8":{"start":{"line":18,"column":39},"end":{"line":18,"column":54}},"9":{"start":{"line":19,"column":17},"end":{"line":19,"column":57}},"10":{"start":{"line":19,"column":40},"end":{"line":19,"column":56}},"11":{"start":{"line":20,"column":15},"end":{"line":20,"column":53}},"12":{"start":{"line":20,"column":38},"end":{"line":20,"column":52}},"13":{"start":{"line":21,"column":17},"end":{"line":21,"column":57}},"14":{"start":{"line":21,"column":40},"end":{"line":21,"column":56}},"15":{"start":{"line":23,"column":19},"end":{"line":23,"column":52}},"16":{"start":{"line":23,"column":42},"end":{"line":23,"column":51}},"17":{"start":{"line":24,"column":36},"end":{"line":24,"column":65}},"18":{"start":{"line":25,"column":42},"end":{"line":25,"column":74}},"19":{"start":{"line":27,"column":2},"end":{"line":29,"column":18}},"20":{"start":{"line":28,"column":4},"end":{"line":28,"column":38}},"21":{"start":{"line":31,"column":2},"end":{"line":33,"column":21}},"22":{"start":{"line":32,"column":4},"end":{"line":32,"column":44}},"23":{"start":{"line":35,"column":2},"end":{"line":50,"column":20}},"24":{"start":{"line":36,"column":4},"end":{"line":36,"column":29}},"25":{"start":{"line":37,"column":4},"end":{"line":49,"column":5}},"26":{"start":{"line":38,"column":6},"end":{"line":47,"column":9}},"27":{"start":{"line":48,"column":6},"end":{"line":48,"column":28}},"28":{"start":{"line":52,"column":2},"end":{"line":98,"column":4}},"29":{"start":{"line":76,"column":12},"end":{"line":76,"column":45}},"30":{"start":{"line":77,"column":12},"end":{"line":77,"column":37}},"31":{"start":{"line":78,"column":12},"end":{"line":78,"column":33}},"32":{"start":{"line":79,"column":12},"end":{"line":79,"column":43}},"33":{"start":{"line":89,"column":12},"end":{"line":89,"column":46}},"34":{"start":{"line":90,"column":12},"end":{"line":90,"column":39}},"35":{"start":{"line":91,"column":12},"end":{"line":91,"column":33}},"36":{"start":{"line":92,"column":12},"end":{"line":92,"column":48}}},"fnMap":{"0":{"name":"Confirm","decl":{"start":{"line":10,"column":9},"end":{"line":10,"column":16}},"loc":{"start":{"line":10,"column":19},"end":{"line":99,"column":1}},"line":10},"1":{"name":"(anonymous_1)","decl":{"start":{"line":16,"column":25},"end":{"line":16,"column":26}},"loc":{"start":{"line":16,"column":36},"end":{"line":16,"column":49}},"line":16},"2":{"name":"(anonymous_2)","decl":{"start":{"line":17,"column":26},"end":{"line":17,"column":27}},"loc":{"start":{"line":17,"column":37},"end":{"line":17,"column":50}},"line":17},"3":{"name":"(anonymous_3)","decl":{"start":{"line":18,"column":28},"end":{"line":18,"column":29}},"loc":{"start":{"line":18,"column":39},"end":{"line":18,"column":54}},"line":18},"4":{"name":"(anonymous_4)","decl":{"start":{"line":19,"column":29},"end":{"line":19,"column":30}},"loc":{"start":{"line":19,"column":40},"end":{"line":19,"column":56}},"line":19},"5":{"name":"(anonymous_5)","decl":{"start":{"line":20,"column":27},"end":{"line":20,"column":28}},"loc":{"start":{"line":20,"column":38},"end":{"line":20,"column":52}},"line":20},"6":{"name":"(anonymous_6)","decl":{"start":{"line":21,"column":29},"end":{"line":21,"column":30}},"loc":{"start":{"line":21,"column":40},"end":{"line":21,"column":56}},"line":21},"7":{"name":"(anonymous_7)","decl":{"start":{"line":23,"column":31},"end":{"line":23,"column":32}},"loc":{"start":{"line":23,"column":42},"end":{"line":23,"column":51}},"line":23},"8":{"name":"(anonymous_8)","decl":{"start":{"line":27,"column":12},"end":{"line":27,"column":13}},"loc":{"start":{"line":27,"column":18},"end":{"line":29,"column":3}},"line":27},"9":{"name":"(anonymous_9)","decl":{"start":{"line":31,"column":12},"end":{"line":31,"column":13}},"loc":{"start":{"line":31,"column":18},"end":{"line":33,"column":3}},"line":31},"10":{"name":"(anonymous_10)","decl":{"start":{"line":35,"column":12},"end":{"line":35,"column":13}},"loc":{"start":{"line":35,"column":18},"end":{"line":50,"column":3}},"line":35},"11":{"name":"(anonymous_11)","decl":{"start":{"line":75,"column":19},"end":{"line":75,"column":20}},"loc":{"start":{"line":75,"column":25},"end":{"line":80,"column":11}},"line":75},"12":{"name":"(anonymous_12)","decl":{"start":{"line":88,"column":19},"end":{"line":88,"column":20}},"loc":{"start":{"line":88,"column":25},"end":{"line":93,"column":11}},"line":88}},"branchMap":{"0":{"loc":{"start":{"line":37,"column":4},"end":{"line":49,"column":5}},"type":"if","locations":[{"start":{"line":37,"column":4},"end":{"line":49,"column":5}},{"start":{},"end":{}}],"line":37},"1":{"loc":{"start":{"line":59,"column":7},"end":{"line":59,"column":65}},"type":"binary-expr","locations":[{"start":{"line":59,"column":7},"end":{"line":59,"column":12}},{"start":{"line":59,"column":16},"end":{"line":59,"column":65}}],"line":59}},"s":{"0":0,"1":0,"2":0,"3":0,"4":0,"5":0,"6":0,"7":0,"8":0,"9":0,"10":0,"11":0,"12":0,"13":0,"14":0,"15":0,"16":0,"17":0,"18":0,"19":0,"20":0,"21":0,"22":0,"23":0,"24":0,"25":0,"26":0,"27":0,"28":0,"29":0,"30":0,"31":0,"32":0,"33":0,"34":0,"35":0,"36":0},"f":{"0":0,"1":0,"2":0,"3":0,"4":0,"5":0,"6":0,"7":0,"8":0,"9":0,"10":0,"11":0,"12":0},"b":{"0":[0,0],"1":[0,0]},"_coverageSchema":"1a1c01bbd47fc00a2c39e90264f33305004495a9","hash":"0d437a5cd760d11be78afe1e8cba7b1f5ca64b3a"}
,"F:\\unipe-app\\employee-app\\apis\\pan\\Verify.jsx": {"path":"F:\\unipe-app\\employee-app\\apis\\pan\\Verify.jsx","statementMap":{"0":{"start":{"line":18,"column":19},"end":{"line":18,"column":32}},"1":{"start":{"line":19,"column":21},"end":{"line":19,"column":36}},"2":{"start":{"line":21,"column":32},"end":{"line":21,"column":47}},"3":{"start":{"line":22,"column":40},"end":{"line":22,"column":55}},"4":{"start":{"line":24,"column":13},"end":{"line":24,"column":50}},"5":{"start":{"line":24,"column":36},"end":{"line":24,"column":49}},"6":{"start":{"line":25,"column":19},"end":{"line":25,"column":52}},"7":{"start":{"line":25,"column":42},"end":{"line":25,"column":51}},"8":{"start":{"line":26,"column":24},"end":{"line":26,"column":47}},"9":{"start":{"line":27,"column":28},"end":{"line":27,"column":53}},"10":{"start":{"line":28,"column":30},"end":{"line":28,"column":56}},"11":{"start":{"line":29,"column":26},"end":{"line":29,"column":50}},"12":{"start":{"line":30,"column":36},"end":{"line":30,"column":65}},"13":{"start":{"line":31,"column":42},"end":{"line":31,"column":74}},"14":{"start":{"line":33,"column":2},"end":{"line":35,"column":12}},"15":{"start":{"line":34,"column":4},"end":{"line":34,"column":26}},"16":{"start":{"line":37,"column":2},"end":{"line":39,"column":14}},"17":{"start":{"line":38,"column":4},"end":{"line":38,"column":30}},"18":{"start":{"line":41,"column":2},"end":{"line":43,"column":15}},"19":{"start":{"line":42,"column":4},"end":{"line":42,"column":32}},"20":{"start":{"line":45,"column":2},"end":{"line":47,"column":13}},"21":{"start":{"line":46,"column":4},"end":{"line":46,"column":28}},"22":{"start":{"line":49,"column":2},"end":{"line":51,"column":18}},"23":{"start":{"line":50,"column":4},"end":{"line":50,"column":38}},"24":{"start":{"line":53,"column":2},"end":{"line":55,"column":21}},"25":{"start":{"line":54,"column":4},"end":{"line":54,"column":44}},"26":{"start":{"line":57,"column":2},"end":{"line":74,"column":20}},"27":{"start":{"line":58,"column":4},"end":{"line":58,"column":29}},"28":{"start":{"line":59,"column":4},"end":{"line":59,"column":48}},"29":{"start":{"line":60,"column":4},"end":{"line":73,"column":5}},"30":{"start":{"line":61,"column":6},"end":{"line":70,"column":9}},"31":{"start":{"line":71,"column":6},"end":{"line":71,"column":28}},"32":{"start":{"line":72,"column":6},"end":{"line":72,"column":24}},"33":{"start":{"line":76,"column":21},"end":{"line":144,"column":3}},"34":{"start":{"line":77,"column":4},"end":{"line":77,"column":21}},"35":{"start":{"line":78,"column":20},"end":{"line":86,"column":5}},"36":{"start":{"line":88,"column":4},"end":{"line":143,"column":9}},"37":{"start":{"line":89,"column":26},"end":{"line":89,"column":41}},"38":{"start":{"line":91,"column":8},"end":{"line":135,"column":9}},"39":{"start":{"line":92,"column":10},"end":{"line":128,"column":11}},"40":{"start":{"line":93,"column":12},"end":{"line":117,"column":13}},"41":{"start":{"line":95,"column":30},"end":{"line":95,"column":57}},"42":{"start":{"line":96,"column":16},"end":{"line":96,"column":69}},"43":{"start":{"line":97,"column":16},"end":{"line":97,"column":74}},"44":{"start":{"line":98,"column":16},"end":{"line":100,"column":18}},"45":{"start":{"line":101,"column":16},"end":{"line":101,"column":70}},"46":{"start":{"line":102,"column":16},"end":{"line":106,"column":18}},"47":{"start":{"line":104,"column":32},"end":{"line":104,"column":77}},"48":{"start":{"line":107,"column":16},"end":{"line":107,"column":56}},"49":{"start":{"line":108,"column":16},"end":{"line":108,"column":43}},"50":{"start":{"line":109,"column":16},"end":{"line":109,"column":37}},"51":{"start":{"line":110,"column":16},"end":{"line":110,"column":50}},"52":{"start":{"line":111,"column":16},"end":{"line":111,"column":22}},"53":{"start":{"line":113,"column":16},"end":{"line":113,"column":62}},"54":{"start":{"line":114,"column":16},"end":{"line":114,"column":41}},"55":{"start":{"line":115,"column":16},"end":{"line":115,"column":37}},"56":{"start":{"line":116,"column":16},"end":{"line":116,"column":70}},"57":{"start":{"line":118,"column":17},"end":{"line":128,"column":11}},"58":{"start":{"line":119,"column":12},"end":{"line":119,"column":59}},"59":{"start":{"line":120,"column":12},"end":{"line":120,"column":37}},"60":{"start":{"line":121,"column":12},"end":{"line":121,"column":33}},"61":{"start":{"line":122,"column":12},"end":{"line":122,"column":67}},"62":{"start":{"line":124,"column":12},"end":{"line":124,"column":50}},"63":{"start":{"line":125,"column":12},"end":{"line":125,"column":37}},"64":{"start":{"line":126,"column":12},"end":{"line":126,"column":33}},"65":{"start":{"line":127,"column":12},"end":{"line":127,"column":58}},"66":{"start":{"line":130,"column":10},"end":{"line":130,"column":40}},"67":{"start":{"line":131,"column":10},"end":{"line":131,"column":30}},"68":{"start":{"line":132,"column":10},"end":{"line":132,"column":35}},"69":{"start":{"line":133,"column":10},"end":{"line":133,"column":31}},"70":{"start":{"line":134,"column":10},"end":{"line":134,"column":38}},"71":{"start":{"line":138,"column":8},"end":{"line":138,"column":38}},"72":{"start":{"line":139,"column":8},"end":{"line":139,"column":28}},"73":{"start":{"line":140,"column":8},"end":{"line":140,"column":33}},"74":{"start":{"line":141,"column":8},"end":{"line":141,"column":29}},"75":{"start":{"line":142,"column":8},"end":{"line":142,"column":36}},"76":{"start":{"line":146,"column":2},"end":{"line":153,"column":4}}},"fnMap":{"0":{"name":"Verify","decl":{"start":{"line":17,"column":9},"end":{"line":17,"column":15}},"loc":{"start":{"line":17,"column":23},"end":{"line":154,"column":1}},"line":17},"1":{"name":"(anonymous_1)","decl":{"start":{"line":24,"column":25},"end":{"line":24,"column":26}},"loc":{"start":{"line":24,"column":36},"end":{"line":24,"column":49}},"line":24},"2":{"name":"(anonymous_2)","decl":{"start":{"line":25,"column":31},"end":{"line":25,"column":32}},"loc":{"start":{"line":25,"column":42},"end":{"line":25,"column":51}},"line":25},"3":{"name":"(anonymous_3)","decl":{"start":{"line":33,"column":12},"end":{"line":33,"column":13}},"loc":{"start":{"line":33,"column":18},"end":{"line":35,"column":3}},"line":33},"4":{"name":"(anonymous_4)","decl":{"start":{"line":37,"column":12},"end":{"line":37,"column":13}},"loc":{"start":{"line":37,"column":18},"end":{"line":39,"column":3}},"line":37},"5":{"name":"(anonymous_5)","decl":{"start":{"line":41,"column":12},"end":{"line":41,"column":13}},"loc":{"start":{"line":41,"column":18},"end":{"line":43,"column":3}},"line":41},"6":{"name":"(anonymous_6)","decl":{"start":{"line":45,"column":12},"end":{"line":45,"column":13}},"loc":{"start":{"line":45,"column":18},"end":{"line":47,"column":3}},"line":45},"7":{"name":"(anonymous_7)","decl":{"start":{"line":49,"column":12},"end":{"line":49,"column":13}},"loc":{"start":{"line":49,"column":18},"end":{"line":51,"column":3}},"line":49},"8":{"name":"(anonymous_8)","decl":{"start":{"line":53,"column":12},"end":{"line":53,"column":13}},"loc":{"start":{"line":53,"column":18},"end":{"line":55,"column":3}},"line":53},"9":{"name":"(anonymous_9)","decl":{"start":{"line":57,"column":12},"end":{"line":57,"column":13}},"loc":{"start":{"line":57,"column":18},"end":{"line":74,"column":3}},"line":57},"10":{"name":"(anonymous_10)","decl":{"start":{"line":76,"column":21},"end":{"line":76,"column":22}},"loc":{"start":{"line":76,"column":27},"end":{"line":144,"column":3}},"line":76},"11":{"name":"(anonymous_11)","decl":{"start":{"line":89,"column":12},"end":{"line":89,"column":13}},"loc":{"start":{"line":89,"column":26},"end":{"line":89,"column":41}},"line":89},"12":{"name":"(anonymous_12)","decl":{"start":{"line":90,"column":12},"end":{"line":90,"column":13}},"loc":{"start":{"line":90,"column":30},"end":{"line":136,"column":7}},"line":90},"13":{"name":"(anonymous_13)","decl":{"start":{"line":104,"column":25},"end":{"line":104,"column":26}},"loc":{"start":{"line":104,"column":32},"end":{"line":104,"column":77}},"line":104},"14":{"name":"(anonymous_14)","decl":{"start":{"line":137,"column":13},"end":{"line":137,"column":14}},"loc":{"start":{"line":137,"column":24},"end":{"line":143,"column":7}},"line":137}},"branchMap":{"0":{"loc":{"start":{"line":60,"column":4},"end":{"line":73,"column":5}},"type":"if","locations":[{"start":{"line":60,"column":4},"end":{"line":73,"column":5}},{"start":{},"end":{}}],"line":60},"1":{"loc":{"start":{"line":92,"column":10},"end":{"line":128,"column":11}},"type":"if","locations":[{"start":{"line":92,"column":10},"end":{"line":128,"column":11}},{"start":{"line":118,"column":17},"end":{"line":128,"column":11}}],"line":92},"2":{"loc":{"start":{"line":93,"column":12},"end":{"line":117,"column":13}},"type":"switch","locations":[{"start":{"line":94,"column":14},"end":{"line":111,"column":22}},{"start":{"line":112,"column":14},"end":{"line":116,"column":70}}],"line":93},"3":{"loc":{"start":{"line":118,"column":17},"end":{"line":128,"column":11}},"type":"if","locations":[{"start":{"line":118,"column":17},"end":{"line":128,"column":11}},{"start":{"line":123,"column":17},"end":{"line":128,"column":11}}],"line":118}},"s":{"0":5,"1":5,"2":5,"3":5,"4":5,"5":7,"6":5,"7":7,"8":5,"9":5,"10":5,"11":5,"12":5,"13":5,"14":5,"15":3,"16":5,"17":3,"18":5,"19":3,"20":5,"21":3,"22":5,"23":3,"24":5,"25":3,"26":5,"27":3,"28":3,"29":3,"30":0,"31":0,"32":0,"33":5,"34":0,"35":0,"36":0,"37":0,"38":0,"39":0,"40":0,"41":0,"42":0,"43":0,"44":0,"45":0,"46":0,"47":0,"48":0,"49":0,"50":0,"51":0,"52":0,"53":0,"54":0,"55":0,"56":0,"57":0,"58":0,"59":0,"60":0,"61":0,"62":0,"63":0,"64":0,"65":0,"66":0,"67":0,"68":0,"69":0,"70":0,"71":0,"72":0,"73":0,"74":0,"75":0,"76":5},"f":{"0":5,"1":7,"2":7,"3":3,"4":3,"5":3,"6":3,"7":3,"8":3,"9":3,"10":0,"11":0,"12":0,"13":0,"14":0},"b":{"0":[0,3],"1":[0,0],"2":[0,0],"3":[0,0]},"_coverageSchema":"1a1c01bbd47fc00a2c39e90264f33305004495a9","hash":"945158f2ab661175cfc3512107e3c4dfcd9c14c0"}
,"F:\\unipe-app\\employee-app\\components\\DateEntry.jsx": {"path":"F:\\unipe-app\\employee-app\\components\\DateEntry.jsx","statementMap":{"0":{"start":{"line":6,"column":26},"end":{"line":6,"column":38}},"1":{"start":{"line":7,"column":28},"end":{"line":7,"column":40}},"2":{"start":{"line":8,"column":24},"end":{"line":8,"column":36}},"3":{"start":{"line":9,"column":17},"end":{"line":9,"column":25}},"4":{"start":{"line":10,"column":16},"end":{"line":10,"column":24}},"5":{"start":{"line":12,"column":2},"end":{"line":16,"column":12}},"6":{"start":{"line":13,"column":4},"end":{"line":15,"column":5}},"7":{"start":{"line":14,"column":6},"end":{"line":14,"column":29}},"8":{"start":{"line":18,"column":2},"end":{"line":22,"column":14}},"9":{"start":{"line":19,"column":4},"end":{"line":21,"column":5}},"10":{"start":{"line":20,"column":6},"end":{"line":20,"column":28}},"11":{"start":{"line":24,"column":2},"end":{"line":26,"column":25}},"12":{"start":{"line":25,"column":4},"end":{"line":25,"column":44}},"13":{"start":{"line":28,"column":2},"end":{"line":66,"column":4}}},"fnMap":{"0":{"name":"DateEntry","decl":{"start":{"line":5,"column":9},"end":{"line":5,"column":18}},"loc":{"start":{"line":5,"column":26},"end":{"line":67,"column":1}},"line":5},"1":{"name":"(anonymous_1)","decl":{"start":{"line":12,"column":12},"end":{"line":12,"column":13}},"loc":{"start":{"line":12,"column":18},"end":{"line":16,"column":3}},"line":12},"2":{"name":"(anonymous_2)","decl":{"start":{"line":18,"column":12},"end":{"line":18,"column":13}},"loc":{"start":{"line":18,"column":18},"end":{"line":22,"column":3}},"line":18},"3":{"name":"(anonymous_3)","decl":{"start":{"line":24,"column":12},"end":{"line":24,"column":13}},"loc":{"start":{"line":24,"column":18},"end":{"line":26,"column":3}},"line":24}},"branchMap":{"0":{"loc":{"start":{"line":13,"column":4},"end":{"line":15,"column":5}},"type":"if","locations":[{"start":{"line":13,"column":4},"end":{"line":15,"column":5}},{"start":{},"end":{}}],"line":13},"1":{"loc":{"start":{"line":19,"column":4},"end":{"line":21,"column":5}},"type":"if","locations":[{"start":{"line":19,"column":4},"end":{"line":21,"column":5}},{"start":{},"end":{}}],"line":19}},"s":{"0":0,"1":0,"2":0,"3":0,"4":0,"5":0,"6":0,"7":0,"8":0,"9":0,"10":0,"11":0,"12":0,"13":0},"f":{"0":0,"1":0,"2":0,"3":0},"b":{"0":[0,0],"1":[0,0]},"_coverageSchema":"1a1c01bbd47fc00a2c39e90264f33305004495a9","hash":"f12e6df8c5d110d80e8ae59bc142f5d7c39488b8"}
,"F:\\unipe-app\\employee-app\\components\\Loading.jsx": {"path":"F:\\unipe-app\\employee-app\\components\\Loading.jsx","statementMap":{"0":{"start":{"line":6,"column":2},"end":{"line":20,"column":4}},"1":{"start":{"line":28,"column":2},"end":{"line":39,"column":3}},"2":{"start":{"line":29,"column":4},"end":{"line":38,"column":6}},"3":{"start":{"line":40,"column":2},"end":{"line":42,"column":3}},"4":{"start":{"line":41,"column":4},"end":{"line":41,"column":58}},"5":{"start":{"line":43,"column":2},"end":{"line":43,"column":14}},"6":{"start":{"line":48,"column":15},"end":{"line":55,"column":3}},"7":{"start":{"line":48,"column":40},"end":{"line":55,"column":1}}},"fnMap":{"0":{"name":"LoadingComponent","decl":{"start":{"line":5,"column":9},"end":{"line":5,"column":25}},"loc":{"start":{"line":5,"column":43},"end":{"line":21,"column":1}},"line":5},"1":{"name":"Loading","decl":{"start":{"line":23,"column":9},"end":{"line":23,"column":16}},"loc":{"start":{"line":27,"column":3},"end":{"line":44,"column":1}},"line":27},"2":{"name":"(anonymous_2)","decl":{"start":{"line":48,"column":33},"end":{"line":48,"column":34}},"loc":{"start":{"line":48,"column":40},"end":{"line":55,"column":1}},"line":48}},"branchMap":{"0":{"loc":{"start":{"line":24,"column":2},"end":{"line":24,"column":19}},"type":"default-arg","locations":[{"start":{"line":24,"column":14},"end":{"line":24,"column":19}}],"line":24},"1":{"loc":{"start":{"line":25,"column":2},"end":{"line":25,"column":18}},"type":"default-arg","locations":[{"start":{"line":25,"column":14},"end":{"line":25,"column":18}}],"line":25},"2":{"loc":{"start":{"line":26,"column":2},"end":{"line":26,"column":22}},"type":"default-arg","locations":[{"start":{"line":26,"column":16},"end":{"line":26,"column":22}}],"line":26},"3":{"loc":{"start":{"line":28,"column":2},"end":{"line":39,"column":3}},"type":"if","locations":[{"start":{"line":28,"column":2},"end":{"line":39,"column":3}},{"start":{},"end":{}}],"line":28},"4":{"loc":{"start":{"line":40,"column":2},"end":{"line":42,"column":3}},"type":"if","locations":[{"start":{"line":40,"column":2},"end":{"line":42,"column":3}},{"start":{},"end":{}}],"line":40}},"s":{"0":0,"1":0,"2":0,"3":0,"4":0,"5":0,"6":1,"7":0},"f":{"0":0,"1":0,"2":0},"b":{"0":[0],"1":[0],"2":[0],"3":[0,0],"4":[0,0]},"_coverageSchema":"1a1c01bbd47fc00a2c39e90264f33305004495a9","hash":"367994d587c1ee08d40ad5dfbbdefeee0c13c18f"}
,"F:\\unipe-app\\employee-app\\components\\PrimaryButton.jsx": {"path":"F:\\unipe-app\\employee-app\\components\\PrimaryButton.jsx","statementMap":{"0":{"start":{"line":32,"column":2},"end":{"line":47,"column":4}}},"fnMap":{"0":{"name":"PrimaryButton","decl":{"start":{"line":20,"column":9},"end":{"line":20,"column":22}},"loc":{"start":{"line":31,"column":3},"end":{"line":48,"column":1}},"line":31}},"branchMap":{},"s":{"0":1},"f":{"0":1},"b":{},"_coverageSchema":"1a1c01bbd47fc00a2c39e90264f33305004495a9","hash":"aa4a81fcc03479a01a7ce6e5e5fd089cb6ee0e10"}
,"F:\\unipe-app\\employee-app\\components\\ProgressBarTop.jsx": {"path":"F:\\unipe-app\\employee-app\\components\\ProgressBarTop.jsx","statementMap":{"0":{"start":{"line":11,"column":32},"end":{"line":34,"column":3}},"1":{"start":{"line":36,"column":24},"end":{"line":36,"column":74}},"2":{"start":{"line":36,"column":47},"end":{"line":36,"column":73}},"3":{"start":{"line":37,"column":20},"end":{"line":37,"column":66}},"4":{"start":{"line":37,"column":43},"end":{"line":37,"column":65}},"5":{"start":{"line":38,"column":21},"end":{"line":38,"column":68}},"6":{"start":{"line":38,"column":44},"end":{"line":38,"column":67}},"7":{"start":{"line":40,"column":37},"end":{"line":92,"column":3}},"8":{"start":{"line":41,"column":23},"end":{"line":45,"column":5}},"9":{"start":{"line":46,"column":4},"end":{"line":90,"column":5}},"10":{"start":{"line":48,"column":8},"end":{"line":48,"column":39}},"11":{"start":{"line":49,"column":8},"end":{"line":49,"column":14}},"12":{"start":{"line":52,"column":8},"end":{"line":52,"column":42}},"13":{"start":{"line":53,"column":8},"end":{"line":57,"column":22}},"14":{"start":{"line":59,"column":8},"end":{"line":59,"column":14}},"15":{"start":{"line":62,"column":8},"end":{"line":62,"column":33}},"16":{"start":{"line":63,"column":8},"end":{"line":67,"column":22}},"17":{"start":{"line":68,"column":8},"end":{"line":68,"column":14}},"18":{"start":{"line":71,"column":8},"end":{"line":71,"column":36}},"19":{"start":{"line":72,"column":8},"end":{"line":76,"column":22}},"20":{"start":{"line":77,"column":8},"end":{"line":77,"column":14}},"21":{"start":{"line":80,"column":8},"end":{"line":80,"column":41}},"22":{"start":{"line":81,"column":8},"end":{"line":81,"column":14}},"23":{"start":{"line":84,"column":8},"end":{"line":84,"column":41}},"24":{"start":{"line":85,"column":8},"end":{"line":85,"column":14}},"25":{"start":{"line":88,"column":8},"end":{"line":88,"column":14}},"26":{"start":{"line":91,"column":4},"end":{"line":91,"column":22}},"27":{"start":{"line":93,"column":30},"end":{"line":95,"column":3}},"28":{"start":{"line":94,"column":4},"end":{"line":94,"column":61}},"29":{"start":{"line":97,"column":22},"end":{"line":121,"column":3}},"30":{"start":{"line":98,"column":15},"end":{"line":98,"column":17}},"31":{"start":{"line":99,"column":4},"end":{"line":119,"column":5}},"32":{"start":{"line":101,"column":8},"end":{"line":103,"column":35}},"33":{"start":{"line":104,"column":8},"end":{"line":104,"column":14}},"34":{"start":{"line":106,"column":8},"end":{"line":106,"column":76}},"35":{"start":{"line":107,"column":8},"end":{"line":107,"column":14}},"36":{"start":{"line":109,"column":8},"end":{"line":111,"column":36}},"37":{"start":{"line":112,"column":8},"end":{"line":112,"column":14}},"38":{"start":{"line":114,"column":8},"end":{"line":114,"column":37}},"39":{"start":{"line":115,"column":8},"end":{"line":115,"column":14}},"40":{"start":{"line":117,"column":8},"end":{"line":117,"column":31}},"41":{"start":{"line":118,"column":8},"end":{"line":118,"column":14}},"42":{"start":{"line":120,"column":4},"end":{"line":120,"column":53}},"43":{"start":{"line":122,"column":2},"end":{"line":140,"column":4}}},"fnMap":{"0":{"name":"ProgressBarTop","decl":{"start":{"line":10,"column":9},"end":{"line":10,"column":23}},"loc":{"start":{"line":10,"column":31},"end":{"line":141,"column":1}},"line":10},"1":{"name":"(anonymous_1)","decl":{"start":{"line":36,"column":36},"end":{"line":36,"column":37}},"loc":{"start":{"line":36,"column":47},"end":{"line":36,"column":73}},"line":36},"2":{"name":"(anonymous_2)","decl":{"start":{"line":37,"column":32},"end":{"line":37,"column":33}},"loc":{"start":{"line":37,"column":43},"end":{"line":37,"column":65}},"line":37},"3":{"name":"(anonymous_3)","decl":{"start":{"line":38,"column":33},"end":{"line":38,"column":34}},"loc":{"start":{"line":38,"column":44},"end":{"line":38,"column":67}},"line":38},"4":{"name":"(anonymous_4)","decl":{"start":{"line":40,"column":37},"end":{"line":40,"column":38}},"loc":{"start":{"line":40,"column":67},"end":{"line":92,"column":3}},"line":40},"5":{"name":"(anonymous_5)","decl":{"start":{"line":93,"column":30},"end":{"line":93,"column":31}},"loc":{"start":{"line":94,"column":4},"end":{"line":94,"column":61}},"line":94},"6":{"name":"(anonymous_6)","decl":{"start":{"line":97,"column":22},"end":{"line":97,"column":23}},"loc":{"start":{"line":97,"column":36},"end":{"line":121,"column":3}},"line":97}},"branchMap":{"0":{"loc":{"start":{"line":43,"column":13},"end":{"line":43,"column":60}},"type":"cond-expr","locations":[{"start":{"line":43,"column":41},"end":{"line":43,"column":48}},{"start":{"line":43,"column":51},"end":{"line":43,"column":60}}],"line":43},"1":{"loc":{"start":{"line":46,"column":4},"end":{"line":90,"column":5}},"type":"switch","locations":[{"start":{"line":47,"column":6},"end":{"line":50,"column":7}},{"start":{"line":51,"column":6},"end":{"line":60,"column":7}},{"start":{"line":61,"column":6},"end":{"line":69,"column":7}},{"start":{"line":70,"column":6},"end":{"line":78,"column":7}},{"start":{"line":79,"column":6},"end":{"line":82,"column":7}},{"start":{"line":83,"column":6},"end":{"line":86,"column":7}},{"start":{"line":87,"column":6},"end":{"line":89,"column":7}}],"line":46},"2":{"loc":{"start":{"line":53,"column":8},"end":{"line":57,"column":21}},"type":"cond-expr","locations":[{"start":{"line":54,"column":12},"end":{"line":56,"column":40}},{"start":{"line":57,"column":12},"end":{"line":57,"column":21}}],"line":53},"3":{"loc":{"start":{"line":54,"column":12},"end":{"line":56,"column":40}},"type":"cond-expr","locations":[{"start":{"line":55,"column":15},"end":{"line":55,"column":41}},{"start":{"line":56,"column":15},"end":{"line":56,"column":39}}],"line":54},"4":{"loc":{"start":{"line":63,"column":8},"end":{"line":67,"column":21}},"type":"cond-expr","locations":[{"start":{"line":64,"column":12},"end":{"line":66,"column":40}},{"start":{"line":67,"column":12},"end":{"line":67,"column":21}}],"line":63},"5":{"loc":{"start":{"line":64,"column":12},"end":{"line":66,"column":40}},"type":"cond-expr","locations":[{"start":{"line":65,"column":15},"end":{"line":65,"column":41}},{"start":{"line":66,"column":15},"end":{"line":66,"column":39}}],"line":64},"6":{"loc":{"start":{"line":72,"column":8},"end":{"line":76,"column":21}},"type":"cond-expr","locations":[{"start":{"line":73,"column":12},"end":{"line":75,"column":40}},{"start":{"line":76,"column":12},"end":{"line":76,"column":21}}],"line":72},"7":{"loc":{"start":{"line":73,"column":12},"end":{"line":75,"column":40}},"type":"cond-expr","locations":[{"start":{"line":74,"column":15},"end":{"line":74,"column":41}},{"start":{"line":75,"column":15},"end":{"line":75,"column":39}}],"line":73},"8":{"loc":{"start":{"line":99,"column":4},"end":{"line":119,"column":5}},"type":"switch","locations":[{"start":{"line":100,"column":6},"end":{"line":104,"column":14}},{"start":{"line":105,"column":6},"end":{"line":107,"column":14}},{"start":{"line":108,"column":6},"end":{"line":112,"column":14}},{"start":{"line":113,"column":6},"end":{"line":115,"column":14}},{"start":{"line":116,"column":6},"end":{"line":118,"column":14}}],"line":99},"9":{"loc":{"start":{"line":101,"column":8},"end":{"line":103,"column":34}},"type":"cond-expr","locations":[{"start":{"line":102,"column":13},"end":{"line":102,"column":36}},{"start":{"line":103,"column":13},"end":{"line":103,"column":33}}],"line":101},"10":{"loc":{"start":{"line":106,"column":8},"end":{"line":106,"column":75}},"type":"cond-expr","locations":[{"start":{"line":106,"column":34},"end":{"line":106,"column":53}},{"start":{"line":106,"column":58},"end":{"line":106,"column":74}}],"line":106},"11":{"loc":{"start":{"line":109,"column":8},"end":{"line":111,"column":35}},"type":"cond-expr","locations":[{"start":{"line":110,"column":13},"end":{"line":110,"column":33}},{"start":{"line":111,"column":13},"end":{"line":111,"column":34}}],"line":109},"12":{"loc":{"start":{"line":120,"column":4},"end":{"line":120,"column":52}},"type":"cond-expr","locations":[{"start":{"line":120,"column":20},"end":{"line":120,"column":45}},{"start":{"line":120,"column":48},"end":{"line":120,"column":52}}],"line":120}},"s":{"0":16,"1":16,"2":26,"3":16,"4":26,"5":16,"6":26,"7":16,"8":114,"9":114,"10":19,"11":19,"12":19,"13":19,"14":19,"15":19,"16":19,"17":19,"18":19,"19":19,"20":19,"21":19,"22":19,"23":19,"24":19,"25":0,"26":114,"27":16,"28":114,"29":16,"30":0,"31":0,"32":0,"33":0,"34":0,"35":0,"36":0,"37":0,"38":0,"39":0,"40":0,"41":0,"42":0,"43":16},"f":{"0":16,"1":26,"2":26,"3":26,"4":114,"5":114,"6":0},"b":{"0":[38,76],"1":[19,19,19,19,19,19,0],"2":[12,7],"3":[0,12],"4":[7,12],"5":[0,7],"6":[0,19],"7":[0,0],"8":[0,0,0,0,0],"9":[0,0],"10":[0,0],"11":[0,0],"12":[0,0]},"_coverageSchema":"1a1c01bbd47fc00a2c39e90264f33305004495a9","hash":"a4e516a2c4eb1b88704b57a33f453231194b8fcd"}
,"F:\\unipe-app\\employee-app\\helpers\\BackendPush.js": {"path":"F:\\unipe-app\\employee-app\\helpers\\BackendPush.js","statementMap":{"0":{"start":{"line":4,"column":34},"end":{"line":22,"column":1}},"1":{"start":{"line":5,"column":2},"end":{"line":13,"column":5}},"2":{"start":{"line":14,"column":2},"end":{"line":21,"column":7}},"3":{"start":{"line":16,"column":6},"end":{"line":16,"column":34}},"4":{"start":{"line":17,"column":6},"end":{"line":17,"column":28}},"5":{"start":{"line":20,"column":6},"end":{"line":20,"column":23}},"6":{"start":{"line":24,"column":31},"end":{"line":42,"column":1}},"7":{"start":{"line":25,"column":20},"end":{"line":33,"column":4}},"8":{"start":{"line":34,"column":2},"end":{"line":41,"column":7}},"9":{"start":{"line":36,"column":6},"end":{"line":36,"column":48}},"10":{"start":{"line":37,"column":6},"end":{"line":37,"column":42}},"11":{"start":{"line":40,"column":6},"end":{"line":40,"column":32}},"12":{"start":{"line":44,"column":30},"end":{"line":64,"column":1}},"13":{"start":{"line":45,"column":19},"end":{"line":55,"column":4}},"14":{"start":{"line":56,"column":2},"end":{"line":63,"column":7}},"15":{"start":{"line":58,"column":6},"end":{"line":58,"column":46}},"16":{"start":{"line":59,"column":6},"end":{"line":59,"column":52}},"17":{"start":{"line":62,"column":6},"end":{"line":62,"column":32}},"18":{"start":{"line":66,"column":33},"end":{"line":82,"column":1}},"19":{"start":{"line":67,"column":22},"end":{"line":73,"column":4}},"20":{"start":{"line":74,"column":2},"end":{"line":81,"column":7}},"21":{"start":{"line":76,"column":6},"end":{"line":76,"column":33}},"22":{"start":{"line":77,"column":6},"end":{"line":77,"column":28}},"23":{"start":{"line":80,"column":6},"end":{"line":80,"column":23}},"24":{"start":{"line":84,"column":27},"end":{"line":102,"column":1}},"25":{"start":{"line":85,"column":23},"end":{"line":93,"column":4}},"26":{"start":{"line":94,"column":2},"end":{"line":101,"column":7}},"27":{"start":{"line":96,"column":6},"end":{"line":96,"column":34}},"28":{"start":{"line":97,"column":6},"end":{"line":97,"column":28}},"29":{"start":{"line":100,"column":6},"end":{"line":100,"column":23}},"30":{"start":{"line":104,"column":26},"end":{"line":118,"column":1}},"31":{"start":{"line":105,"column":22},"end":{"line":109,"column":4}},"32":{"start":{"line":110,"column":2},"end":{"line":117,"column":7}},"33":{"start":{"line":112,"column":6},"end":{"line":112,"column":33}},"34":{"start":{"line":113,"column":6},"end":{"line":113,"column":28}},"35":{"start":{"line":116,"column":6},"end":{"line":116,"column":23}}},"fnMap":{"0":{"name":"(anonymous_0)","decl":{"start":{"line":4,"column":34},"end":{"line":4,"column":35}},"loc":{"start":{"line":4,"column":45},"end":{"line":22,"column":1}},"line":4},"1":{"name":"(anonymous_1)","decl":{"start":{"line":15,"column":10},"end":{"line":15,"column":11}},"loc":{"start":{"line":15,"column":19},"end":{"line":18,"column":5}},"line":15},"2":{"name":"(anonymous_2)","decl":{"start":{"line":19,"column":11},"end":{"line":19,"column":12}},"loc":{"start":{"line":19,"column":20},"end":{"line":21,"column":5}},"line":19},"3":{"name":"(anonymous_3)","decl":{"start":{"line":24,"column":31},"end":{"line":24,"column":32}},"loc":{"start":{"line":24,"column":42},"end":{"line":42,"column":1}},"line":24},"4":{"name":"(anonymous_4)","decl":{"start":{"line":35,"column":10},"end":{"line":35,"column":11}},"loc":{"start":{"line":35,"column":19},"end":{"line":38,"column":5}},"line":35},"5":{"name":"(anonymous_5)","decl":{"start":{"line":39,"column":11},"end":{"line":39,"column":12}},"loc":{"start":{"line":39,"column":20},"end":{"line":41,"column":5}},"line":39},"6":{"name":"(anonymous_6)","decl":{"start":{"line":44,"column":30},"end":{"line":44,"column":31}},"loc":{"start":{"line":44,"column":41},"end":{"line":64,"column":1}},"line":44},"7":{"name":"(anonymous_7)","decl":{"start":{"line":57,"column":10},"end":{"line":57,"column":11}},"loc":{"start":{"line":57,"column":24},"end":{"line":60,"column":5}},"line":57},"8":{"name":"(anonymous_8)","decl":{"start":{"line":61,"column":11},"end":{"line":61,"column":12}},"loc":{"start":{"line":61,"column":20},"end":{"line":63,"column":5}},"line":61},"9":{"name":"(anonymous_9)","decl":{"start":{"line":66,"column":33},"end":{"line":66,"column":34}},"loc":{"start":{"line":66,"column":44},"end":{"line":82,"column":1}},"line":66},"10":{"name":"(anonymous_10)","decl":{"start":{"line":75,"column":10},"end":{"line":75,"column":11}},"loc":{"start":{"line":75,"column":19},"end":{"line":78,"column":5}},"line":75},"11":{"name":"(anonymous_11)","decl":{"start":{"line":79,"column":11},"end":{"line":79,"column":12}},"loc":{"start":{"line":79,"column":20},"end":{"line":81,"column":5}},"line":79},"12":{"name":"(anonymous_12)","decl":{"start":{"line":84,"column":27},"end":{"line":84,"column":28}},"loc":{"start":{"line":84,"column":38},"end":{"line":102,"column":1}},"line":84},"13":{"name":"(anonymous_13)","decl":{"start":{"line":95,"column":10},"end":{"line":95,"column":11}},"loc":{"start":{"line":95,"column":19},"end":{"line":98,"column":5}},"line":95},"14":{"name":"(anonymous_14)","decl":{"start":{"line":99,"column":11},"end":{"line":99,"column":12}},"loc":{"start":{"line":99,"column":20},"end":{"line":101,"column":5}},"line":99},"15":{"name":"(anonymous_15)","decl":{"start":{"line":104,"column":26},"end":{"line":104,"column":27}},"loc":{"start":{"line":104,"column":37},"end":{"line":118,"column":1}},"line":104},"16":{"name":"(anonymous_16)","decl":{"start":{"line":111,"column":10},"end":{"line":111,"column":11}},"loc":{"start":{"line":111,"column":19},"end":{"line":114,"column":5}},"line":111},"17":{"name":"(anonymous_17)","decl":{"start":{"line":115,"column":11},"end":{"line":115,"column":12}},"loc":{"start":{"line":115,"column":20},"end":{"line":117,"column":5}},"line":115}},"branchMap":{"0":{"loc":{"start":{"line":9,"column":10},"end":{"line":9,"column":26}},"type":"binary-expr","locations":[{"start":{"line":9,"column":10},"end":{"line":9,"column":20}},{"start":{"line":9,"column":24},"end":{"line":9,"column":26}}],"line":9}},"s":{"0":8,"1":0,"2":0,"3":0,"4":0,"5":0,"6":8,"7":0,"8":0,"9":0,"10":0,"11":0,"12":8,"13":0,"14":0,"15":0,"16":0,"17":0,"18":8,"19":0,"20":0,"21":0,"22":0,"23":0,"24":8,"25":0,"26":0,"27":0,"28":0,"29":0,"30":8,"31":0,"32":0,"33":0,"34":0,"35":0},"f":{"0":0,"1":0,"2":0,"3":0,"4":0,"5":0,"6":0,"7":0,"8":0,"9":0,"10":0,"11":0,"12":0,"13":0,"14":0,"15":0,"16":0,"17":0},"b":{"0":[0,0]},"_coverageSchema":"1a1c01bbd47fc00a2c39e90264f33305004495a9","hash":"8bdbc62d0c0b3755ba51b74ff4b8c4ceded7da6a"}
[...]
,"end":{"line":53,"column":66}},"18":{"start":{"line":48,"column":12},"end":{"line":48,"column":62}},"19":{"start":{"line":49,"column":15},"end":{"line":53,"column":66}},"20":{"start":{"line":50,"column":12},"end":{"line":50,"column":61}},"21":{"start":{"line":51,"column":15},"end":{"line":53,"column":66}},"22":{"start":{"line":52,"column":12},"end":{"line":52,"column":64}},"23":{"start":{"line":53,"column":15},"end":{"line":53,"column":66}},"24":{"start":{"line":54,"column":10},"end":{"line":54,"column":16}},"25":{"start":{"line":56,"column":10},"end":{"line":62,"column":68}},"26":{"start":{"line":57,"column":12},"end":{"line":57,"column":64}},"27":{"start":{"line":58,"column":15},"end":{"line":62,"column":68}},"28":{"start":{"line":59,"column":12},"end":{"line":59,"column":63}},"29":{"start":{"line":60,"column":15},"end":{"line":62,"column":68}},"30":{"start":{"line":61,"column":12},"end":{"line":61,"column":66}},"31":{"start":{"line":62,"column":15},"end":{"line":62,"column":68}},"32":{"start":{"line":63,"column":10},"end":{"line":63,"column":16}},"33":{"start":{"line":65,"column":10},"end":{"line":71,"column":66}},"34":{"start":{"line":66,"column":12},"end":{"line":66,"column":62}},"35":{"start":{"line":67,"column":15},"end":{"line":71,"column":66}},"36":{"start":{"line":68,"column":12},"end":{"line":68,"column":61}},"37":{"start":{"line":69,"column":15},"end":{"line":71,"column":66}},"38":{"start":{"line":70,"column":12},"end":{"line":70,"column":64}},"39":{"start":{"line":71,"column":15},"end":{"line":71,"column":66}},"40":{"start":{"line":72,"column":10},"end":{"line":72,"column":16}},"41":{"start":{"line":76,"column":6},"end":{"line":76,"column":41}},"42":{"start":{"line":86,"column":4},"end":{"line":86,"column":21}}},"fnMap":{"0":{"name":"(anonymous_0)","decl":{"start":{"line":20,"column":4},"end":{"line":20,"column":5}},"loc":{"start":{"line":20,"column":33},"end":{"line":29,"column":5}},"line":20},"1":{"name":"(anonymous_1)","decl":{"start":{"line":30,"column":4},"end":{"line":30,"column":5}},"loc":{"start":{"line":30,"column":40},"end":{"line":43,"column":5}},"line":30},"2":{"name":"(anonymous_2)","decl":{"start":{"line":44,"column":4},"end":{"line":44,"column":5}},"loc":{"start":{"line":44,"column":34},"end":{"line":74,"column":5}},"line":44},"3":{"name":"(anonymous_3)","decl":{"start":{"line":75,"column":4},"end":{"line":75,"column":5}},"loc":{"start":{"line":75,"column":21},"end":{"line":77,"column":5}},"line":75}},"branchMap":{"0":{"loc":{"start":{"line":21,"column":6},"end":{"line":28,"column":7}},"type":"switch","locations":[{"start":{"line":22,"column":8},"end":{"line":24,"column":16}},{"start":{"line":25,"column":8},"end":{"line":27,"column":16}}],"line":21},"1":{"loc":{"start":{"line":31,"column":6},"end":{"line":42,"column":7}},"type":"switch","locations":[{"start":{"line":32,"column":8},"end":{"line":36,"column":16}},{"start":{"line":37,"column":8},"end":{"line":41,"column":16}}],"line":31},"2":{"loc":{"start":{"line":33,"column":10},"end":{"line":35,"column":75}},"type":"if","locations":[{"start":{"line":33,"column":10},"end":{"line":35,"column":75}},{"start":{"line":35,"column":15},"end":{"line":35,"column":75}}],"line":33},"3":{"loc":{"start":{"line":38,"column":10},"end":{"line":40,"column":69}},"type":"if","locations":[{"start":{"line":38,"column":10},"end":{"line":40,"column":69}},{"start":{"line":40,"column":15},"end":{"line":40,"column":69}}],"line":38},"4":{"loc":{"start":{"line":45,"column":6},"end":{"line":73,"column":7}},"type":"switch","locations":[{"start":{"line":46,"column":8},"end":{"line":54,"column":16}},{"start":{"line":55,"column":8},"end":{"line":63,"column":16}},{"start":{"line":64,"column":8},"end":{"line":72,"column":16}}],"line":45},"5":{"loc":{"start":{"line":47,"column":10},"end":{"line":53,"column":66}},"type":"if","locations":[{"start":{"line":47,"column":10},"end":{"line":53,"column":66}},{"start":{"line":49,"column":15},"end":{"line":53,"column":66}}],"line":47},"6":{"loc":{"start":{"line":49,"column":15},"end":{"line":53,"column":66}},"type":"if","locations":[{"start":{"line":49,"column":15},"end":{"line":53,"column":66}},{"start":{"line":51,"column":15},"end":{"line":53,"column":66}}],"line":49},"7":{"loc":{"start":{"line":51,"column":15},"end":{"line":53,"column":66}},"type":"if","locations":[{"start":{"line":51,"column":15},"end":{"line":53,"column":66}},{"start":{"line":53,"column":15},"end":{"line":53,"column":66}}],"line":51},"8":{"loc":{"start":{"line":56,"column":10},"end":{"line":62,"column":68}},"type":"if","locations":[{"start":{"line":56,"column":10},"end":{"line":62,"column":68}},{"start":{"line":58,"column":15},"end":{"line":62,"column":68}}],"line":56},"9":{"loc":{"start":{"line":58,"column":15},"end":{"line":62,"column":68}},"type":"if","locations":[{"start":{"line":58,"column":15},"end":{"line":62,"column":68}},{"start":{"line":60,"column":15},"end":{"line":62,"column":68}}],"line":58},"10":{"loc":{"start":{"line":60,"column":15},"end":{"line":62,"column":68}},"type":"if","locations":[{"start":{"line":60,"column":15},"end":{"line":62,"column":68}},{"start":{"line":62,"column":15},"end":{"line":62,"column":68}}],"line":60},"11":{"loc":{"start":{"line":65,"column":10},"end":{"line":71,"column":66}},"type":"if","locations":[{"start":{"line":65,"column":10},"end":{"line":71,"column":66}},{"start":{"line":67,"column":15},"end":{"line":71,"column":66}}],"line":65},"12":{"loc":{"start":{"line":67,"column":15},"end":{"line":71,"column":66}},"type":"if","locations":[{"start":{"line":67,"column":15},"end":{"line":71,"column":66}},{"start":{"line":69,"column":15},"end":{"line":71,"column":66}}],"line":67},"13":{"loc":{"start":{"line":69,"column":15},"end":{"line":71,"column":66}},"type":"if","locations":[{"start":{"line":69,"column":15},"end":{"line":71,"column":66}},{"start":{"line":71,"column":15},"end":{"line":71,"column":66}}],"line":69}},"s":{"0":11,"1":11,"2":0,"3":0,"4":0,"5":0,"6":0,"7":0,"8":0,"9":0,"10":0,"11":0,"12":0,"13":0,"14":0,"15":0,"16":0,"17":0,"18":0,"19":0,"20":0,"21":0,"22":0,"23":0,"24":0,"25":0,"26":0,"27":0,"28":0,"29":0,"30":0,"31":0,"32":0,"33":0,"34":0,"35":0,"36":0,"37":0,"38":0,"39":0,"40":0,"41":0,"42":11},"f":{"0":0,"1":0,"2":0,"3":0},"b":{"0":[0,0],"1":[0,0],"2":[0,0],"3":[0,0],"4":[0,0,0],"5":[0,0],"6":[0,0],"7":[0,0],"8":[0,0],"9":[0,0],"10":[0,0],"11":[0,0],"12":[0,0],"13":[0,0]},"_coverageSchema":"1a1c01bbd47fc00a2c39e90264f33305004495a9","hash":"cabc1ebc672efc2b92bdc3c3cb950cfacb04c843"}
,"F:\\unipe-app\\employee-app\\store\\slices\\licenseSlice.js": {"path":"F:\\unipe-app\\employee-app\\store\\slices\\licenseSlice.js","statementMap":{"0":{"start":{"line":3,"column":21},"end":{"line":13,"column":1}},"1":{"start":{"line":15,"column":21},"end":{"line":53,"column":2}},"2":{"start":{"line":20,"column":6},"end":{"line":20,"column":36}},"3":{"start":{"line":23,"column":6},"end":{"line":23,"column":33}},"4":{"start":{"line":26,"column":6},"end":{"line":26,"column":34}},"5":{"start":{"line":29,"column":6},"end":{"line":29,"column":42}},"6":{"start":{"line":32,"column":6},"end":{"line":32,"column":39}},"7":{"start":{"line":35,"column":6},"end":{"line":35,"column":40}},"8":{"start":{"line":38,"column":6},"end":{"line":38,"column":33}},"9":{"start":{"line":41,"column":6},"end":{"line":41,"column":38}},"10":{"start":{"line":44,"column":6},"end":{"line":44,"column":37}},"11":{"start":{"line":47,"column":6},"end":{"line":47,"column":35}},"12":{"start":{"line":50,"column":6},"end":{"line":50,"column":41}},"13":{"start":{"line":67,"column":4},"end":{"line":67,"column":24}}},"fnMap":{"0":{"name":"(anonymous_0)","decl":{"start":{"line":19,"column":4},"end":{"line":19,"column":5}},"loc":{"start":{"line":19,"column":36},"end":{"line":21,"column":5}},"line":19},"1":{"name":"(anonymous_1)","decl":{"start":{"line":22,"column":4},"end":{"line":22,"column":5}},"loc":{"start":{"line":22,"column":26},"end":{"line":24,"column":5}},"line":22},"2":{"name":"(anonymous_2)","decl":{"start":{"line":25,"column":4},"end":{"line":25,"column":5}},"loc":{"start":{"line":25,"column":27},"end":{"line":27,"column":5}},"line":25},"3":{"name":"(anonymous_3)","decl":{"start":{"line":28,"column":4},"end":{"line":28,"column":5}},"loc":{"start":{"line":28,"column":42},"end":{"line":30,"column":5}},"line":28},"4":{"name":"(anonymous_4)","decl":{"start":{"line":31,"column":4},"end":{"line":31,"column":5}},"loc":{"start":{"line":31,"column":39},"end":{"line":33,"column":5}},"line":31},"5":{"name":"(anonymous_5)","decl":{"start":{"line":34,"column":4},"end":{"line":34,"column":5}},"loc":{"start":{"line":34,"column":33},"end":{"line":36,"column":5}},"line":34},"6":{"name":"(anonymous_6)","decl":{"start":{"line":37,"column":4},"end":{"line":37,"column":5}},"loc":{"start":{"line":37,"column":26},"end":{"line":39,"column":5}},"line":37},"7":{"name":"(anonymous_7)","decl":{"start":{"line":40,"column":4},"end":{"line":40,"column":5}},"loc":{"start":{"line":40,"column":31},"end":{"line":42,"column":5}},"line":40},"8":{"name":"(anonymous_8)","decl":{"start":{"line":43,"column":4},"end":{"line":43,"column":5}},"loc":{"start":{"line":43,"column":30},"end":{"line":45,"column":5}},"line":43},"9":{"name":"(anonymous_9)","decl":{"start":{"line":46,"column":4},"end":{"line":46,"column":5}},"loc":{"start":{"line":46,"column":28},"end":{"line":48,"column":5}},"line":46},"10":{"name":"(anonymous_10)","decl":{"start":{"line":49,"column":4},"end":{"line":49,"column":5}},"loc":{"start":{"line":49,"column":24},"end":{"line":51,"column":5}},"line":49}},"branchMap":{},"s":{"0":11,"1":11,"2":0,"3":0,"4":0,"5":0,"6":0,"7":0,"8":0,"9":0,"10":0,"11":0,"12":0,"13":11},"f":{"0":0,"1":0,"2":0,"3":0,"4":0,"5":0,"6":0,"7":0,"8":0,"9":0,"10":0},"b":{},"_coverageSchema":"1a1c01bbd47fc00a2c39e90264f33305004495a9","hash":"e65c4050ddc5d846b9e92562c976fa41d2f19214"}
,"F:\\unipe-app\\employee-app\\store\\slices\\navigationSlice.js": {"path":"F:\\unipe-app\\employee-app\\store\\slices\\navigationSlice.js","statementMap":{"0":{"start":{"line":3,"column":21},"end":{"line":5,"column":1}},"1":{"start":{"line":7,"column":24},"end":{"line":18,"column":2}},"2":{"start":{"line":12,"column":6},"end":{"line":12,"column":43}},"3":{"start":{"line":15,"column":6},"end":{"line":15,"column":41}},"4":{"start":{"line":20,"column":53},"end":{"line":20,"column":76}}},"fnMap":{"0":{"name":"(anonymous_0)","decl":{"start":{"line":11,"column":4},"end":{"line":11,"column":5}},"loc":{"start":{"line":11,"column":36},"end":{"line":13,"column":5}},"line":11},"1":{"name":"(anonymous_1)","decl":{"start":{"line":14,"column":4},"end":{"line":14,"column":5}},"loc":{"start":{"line":14,"column":27},"end":{"line":16,"column":5}},"line":14}},"branchMap":{},"s":{"0":11,"1":11,"2":15,"3":0,"4":11},"f":{"0":15,"1":0},"b":{},"_coverageSchema":"1a1c01bbd47fc00a2c39e90264f33305004495a9","hash":"aa190ece2411641ae2db2d7d13b064cf02cb57f1"}
,"F:\\unipe-app\\employee-app\\store\\slices\\panSlice.js": {"path":"F:\\unipe-app\\employee-app\\store\\slices\\panSlice.js","statementMap":{"0":{"start":{"line":3,"column":21},"end":{"line":11,"column":1}},"1":{"start":{"line":13,"column":17},"end":{"line":42,"column":2}},"2":{"start":{"line":18,"column":6},"end":{"line":18,"column":33}},"3":{"start":{"line":21,"column":6},"end":{"line":21,"column":35}},"4":{"start":{"line":24,"column":6},"end":{"line":24,"column":36}},"5":{"start":{"line":27,"column":6},"end":{"line":27,"column":34}},"6":{"start":{"line":30,"column":6},"end":{"line":30,"column":36}},"7":{"start":{"line":33,"column":6},"end":{"line":33,"column":39}},"8":{"start":{"line":36,"column":6},"end":{"line":36,"column":42}},"9":{"start":{"line":39,"column":6},"end":{"line":39,"column":41}},"10":{"start":{"line":53,"column":4},"end":{"line":53,"column":20}}},"fnMap":{"0":{"name":"(anonymous_0)","decl":{"start":{"line":17,"column":4},"end":{"line":17,"column":5}},"loc":{"start":{"line":17,"column":26},"end":{"line":19,"column":5}},"line":17},"1":{"name":"(anonymous_1)","decl":{"start":{"line":20,"column":4},"end":{"line":20,"column":5}},"loc":{"start":{"line":20,"column":28},"end":{"line":22,"column":5}},"line":20},"2":{"name":"(anonymous_2)","decl":{"start":{"line":23,"column":4},"end":{"line":23,"column":5}},"loc":{"start":{"line":23,"column":29},"end":{"line":25,"column":5}},"line":23},"3":{"name":"(anonymous_3)","decl":{"start":{"line":26,"column":4},"end":{"line":26,"column":5}},"loc":{"start":{"line":26,"column":27},"end":{"line":28,"column":5}},"line":26},"4":{"name":"(anonymous_4)","decl":{"start":{"line":29,"column":4},"end":{"line":29,"column":5}},"loc":{"start":{"line":29,"column":29},"end":{"line":31,"column":5}},"line":29},"5":{"name":"(anonymous_5)","decl":{"start":{"line":32,"column":4},"end":{"line":32,"column":5}},"loc":{"start":{"line":32,"column":32},"end":{"line":34,"column":5}},"line":32},"6":{"name":"(anonymous_6)","decl":{"start":{"line":35,"column":4},"end":{"line":35,"column":5}},"loc":{"start":{"line":35,"column":35},"end":{"line":37,"column":5}},"line":35},"7":{"name":"(anonymous_7)","decl":{"start":{"line":38,"column":4},"end":{"line":38,"column":5}},"loc":{"start":{"line":38,"column":20},"end":{"line":40,"column":5}},"line":38}},"branchMap":{},"s":{"0":11,"1":11,"2":3,"3":3,"4":3,"5":3,"6":0,"7":3,"8":3,"9":0,"10":11},"f":{"0":3,"1":3,"2":3,"3":3,"4":0,"5":3,"6":3,"7":0},"b":{},"_coverageSchema":"1a1c01bbd47fc00a2c39e90264f33305004495a9","hash":"f58fe08f1a027f6c3033110b77a457e3c9eca15a"}
,"F:\\unipe-app\\employee-app\\store\\slices\\profileSlice.js": {"path":"F:\\unipe-app\\employee-app\\store\\slices\\profileSlice.js","statementMap":{"0":{"start":{"line":3,"column":21},"end":{"line":9,"column":1}},"1":{"start":{"line":11,"column":21},"end":{"line":34,"column":2}},"2":{"start":{"line":16,"column":6},"end":{"line":16,"column":44}},"3":{"start":{"line":19,"column":6},"end":{"line":19,"column":54}},"4":{"start":{"line":22,"column":6},"end":{"line":22,"column":35}},"5":{"start":{"line":25,"column":6},"end":{"line":25,"column":43}},"6":{"start":{"line":28,"column":6},"end":{"line":28,"column":36}},"7":{"start":{"line":31,"column":6},"end":{"line":31,"column":41}},"8":{"start":{"line":43,"column":4},"end":{"line":43,"column":24}}},"fnMap":{"0":{"name":"(anonymous_0)","decl":{"start":{"line":15,"column":4},"end":{"line":15,"column":5}},"loc":{"start":{"line":15,"column":37},"end":{"line":17,"column":5}},"line":15},"1":{"name":"(anonymous_1)","decl":{"start":{"line":18,"column":4},"end":{"line":18,"column":5}},"loc":{"start":{"line":18,"column":47},"end":{"line":20,"column":5}},"line":18},"2":{"name":"(anonymous_2)","decl":{"start":{"line":21,"column":4},"end":{"line":21,"column":5}},"loc":{"start":{"line":21,"column":28},"end":{"line":23,"column":5}},"line":21},"3":{"name":"(anonymous_3)","decl":{"start":{"line":24,"column":4},"end":{"line":24,"column":5}},"loc":{"start":{"line":24,"column":36},"end":{"line":26,"column":5}},"line":24},"4":{"name":"(anonymous_4)","decl":{"start":{"line":27,"column":4},"end":{"line":27,"column":5}},"loc":{"start":{"line":27,"column":29},"end":{"line":29,"column":5}},"line":27},"5":{"name":"(anonymous_5)","decl":{"start":{"line":30,"column":4},"end":{"line":30,"column":5}},"loc":{"start":{"line":30,"column":24},"end":{"line":32,"column":5}},"line":30}},"branchMap":{},"s":{"0":11,"1":11,"2":0,"3":0,"4":0,"5":0,"6":0,"7":0,"8":11},"f":{"0":0,"1":0,"2":0,"3":0,"4":0,"5":0},"b":{},"_coverageSchema":"1a1c01bbd47fc00a2c39e90264f33305004495a9","hash":"cee7ea9c95995c68a0762326db1d9d4b26456edd"}
,"F:\\unipe-app\\employee-app\\store\\slices\\timerSlice.js": {"path":"F:\\unipe-app\\employee-app\\store\\slices\\timerSlice.js","statementMap":{"0":{"start":{"line":3,"column":21},"end":{"line":6,"column":1}},"1":{"start":{"line":8,"column":19},"end":{"line":22,"column":2}},"2":{"start":{"line":13,"column":6},"end":{"line":13,"column":35}},"3":{"start":{"line":16,"column":6},"end":{"line":16,"column":37}},"4":{"start":{"line":19,"column":6},"end":{"line":19,"column":41}},"5":{"start":{"line":25,"column":2},"end":{"line":25,"column":20}}},"fnMap":{"0":{"name":"(anonymous_0)","decl":{"start":{"line":12,"column":19},"end":{"line":12,"column":20}},"loc":{"start":{"line":12,"column":38},"end":{"line":14,"column":5}},"line":12},"1":{"name":"(anonymous_1)","decl":{"start":{"line":15,"column":21},"end":{"line":15,"column":22}},"loc":{"start":{"line":15,"column":40},"end":{"line":17,"column":5}},"line":15},"2":{"name":"(anonymous_2)","decl":{"start":{"line":18,"column":4},"end":{"line":18,"column":5}},"loc":{"start":{"line":18,"column":22},"end":{"line":20,"column":5}},"line":18}},"branchMap":{},"s":{"0":11,"1":11,"2":0,"3":0,"4":0,"5":11},"f":{"0":0,"1":0,"2":0},"b":{},"_coverageSchema":"1a1c01bbd47fc00a2c39e90264f33305004495a9","hash":"d1593e5ce5105789f76d6e7c3dcbbca6206bbc85"}
,"F:\\unipe-app\\employee-app\\testHelpers\\spyOnAlert.js": {"path":"F:\\unipe-app\\employee-app\\testHelpers\\spyOnAlert.js","statementMap":{"0":{"start":{"line":11,"column":2},"end":{"line":11,"column":29}},"1":{"start":{"line":13,"column":50},"end":{"line":13,"column":52}},"2":{"start":{"line":14,"column":2},"end":{"line":38,"column":4}},"3":{"start":{"line":16,"column":29},"end":{"line":16,"column":59}},"4":{"start":{"line":17,"column":6},"end":{"line":21,"column":9}},"5":{"start":{"line":19,"column":22},"end":{"line":19,"column":50}},"6":{"start":{"line":20,"column":8},"end":{"line":20,"column":70}},"7":{"start":{"line":20,"column":57},"end":{"line":20,"column":68}},"8":{"start":{"line":22,"column":6},"end":{"line":24,"column":7}},"9":{"start":{"line":23,"column":8},"end":{"line":23,"column":53}},"10":{"start":{"line":25,"column":29},"end":{"line":25,"column":70}},"11":{"start":{"line":27,"column":27},"end":{"line":29,"column":7}},"12":{"start":{"line":28,"column":33},"end":{"line":28,"column":53}},"13":{"start":{"line":30,"column":6},"end":{"line":32,"column":7}},"14":{"start":{"line":31,"column":8},"end":{"line":31,"column":55}},"15":{"start":{"line":33,"column":6},"end":{"line":35,"column":7}},"16":{"start":{"line":34,"column":8},"end":{"line":34,"column":37}},"17":{"start":{"line":36,"column":6},"end":{"line":36,"column":59}}},"fnMap":{"0":{"name":"spyOnAlert","decl":{"start":{"line":10,"column":24},"end":{"line":10,"column":34}},"loc":{"start":{"line":10,"column":55},"end":{"line":39,"column":1}},"line":10},"1":{"name":"(anonymous_1)","decl":{"start":{"line":15,"column":4},"end":{"line":15,"column":5}},"loc":{"start":{"line":15,"column":56},"end":{"line":37,"column":5}},"line":15},"2":{"name":"(anonymous_2)","decl":{"start":{"line":17,"column":29},"end":{"line":17,"column":30}},"loc":{"start":{"line":17,"column":39},"end":{"line":21,"column":7}},"line":17},"3":{"name":"(anonymous_3)","decl":{"start":{"line":20,"column":47},"end":{"line":20,"column":48}},"loc":{"start":{"line":20,"column":57},"end":{"line":20,"column":68}},"line":20},"4":{"name":"(anonymous_4)","decl":{"start":{"line":28,"column":8},"end":{"line":28,"column":9}},"loc":{"start":{"line":28,"column":33},"end":{"line":28,"column":53}},"line":28}},"branchMap":{"0":{"loc":{"start":{"line":22,"column":6},"end":{"line":24,"column":7}},"type":"if","locations":[{"start":{"line":22,"column":6},"end":{"line":24,"column":7}},{"start":{},"end":{}}],"line":22},"1":{"loc":{"start":{"line":30,"column":6},"end":{"line":32,"column":7}},"type":"if","locations":[{"start":{"line":30,"column":6},"end":{"line":32,"column":7}},{"start":{},"end":{}}],"line":30},"2":{"loc":{"start":{"line":33,"column":6},"end":{"line":35,"column":7}},"type":"if","locations":[{"start":{"line":33,"column":6},"end":{"line":35,"column":7}},{"start":{},"end":{}}],"line":33}},"s":{"0":7,"1":7,"2":7,"3":0,"4":0,"5":0,"6":0,"7":0,"8":0,"9":0,"10":0,"11":0,"12":0,"13":0,"14":0,"15":0,"16":0,"17":0},"f":{"0":7,"1":0,"2":0,"3":0,"4":0},"b":{"0":[0,0],"1":[0,0],"2":[0,0]},"_coverageSchema":"1a1c01bbd47fc00a2c39e90264f33305004495a9","hash":"486e07326ee8c3090b891fa04b6f9f7bc2d55266"}
}
