{"F:\\unipe-app\\employee-app\\styles.jsx": {"path":"F:\\unipe-app\\employee-app\\styles.jsx","statementMap":{"0":{"start":{"line":3,"column":22},"end":{"line":112,"column":2}},"1":{"start":{"line":114,"column":23},"end":{"line":126,"column":2}},"2":{"start":{"line":128,"column":27},"end":{"line":141,"column":2}},"3":{"start":{"line":143,"column":20},"end":{"line":276,"column":2}},"4":{"start":{"line":278,"column":24},"end":{"line":293,"column":2}},"5":{"start":{"line":295,"column":24},"end":{"line":354,"column":2}},"6":{"start":{"line":356,"column":24},"end":{"line":384,"column":2}},"7":{"start":{"line":386,"column":19},"end":{"line":394,"column":2}},"8":{"start":{"line":396,"column":25},"end":{"line":410,"column":2}},"9":{"start":{"line":411,"column":22},"end":{"line":464,"column":2}},"10":{"start":{"line":466,"column":23},"end":{"line":491,"column":2}},"11":{"start":{"line":493,"column":22},"end":{"line":513,"column":2}},"12":{"start":{"line":515,"column":20},"end":{"line":523,"column":2}},"13":{"start":{"line":525,"column":23},"end":{"line":544,"column":2}},"14":{"start":{"line":546,"column":19},"end":{"line":552,"column":2}}},"fnMap":{},"branchMap":{},"s":{"0":1,"1":1,"2":1,"3":1,"4":1,"5":1,"6":1,"7":1,"8":1,"9":1,"10":1,"11":1,"12":1,"13":1,"14":1},"f":{},"b":{},"_coverageSchema":"1a1c01bbd47fc00a2c39e90264f33305004495a9","hash":"b14c171a181c4279ae533c2317bd676a11989c41"}
,"F:\\unipe-app\\employee-app\\components\\DateEntry.jsx": {"path":"F:\\unipe-app\\employee-app\\components\\DateEntry.jsx","statementMap":{"0":{"start":{"line":6,"column":26},"end":{"line":6,"column":38}},"1":{"start":{"line":7,"column":28},"end":{"line":7,"column":40}},"2":{"start":{"line":8,"column":24},"end":{"line":8,"column":36}},"3":{"start":{"line":9,"column":17},"end":{"line":9,"column":25}},"4":{"start":{"line":10,"column":16},"end":{"line":10,"column":24}},"5":{"start":{"line":12,"column":2},"end":{"line":16,"column":12}},"6":{"start":{"line":13,"column":4},"end":{"line":15,"column":5}},"7":{"start":{"line":14,"column":6},"end":{"line":14,"column":29}},"8":{"start":{"line":18,"column":2},"end":{"line":22,"column":14}},"9":{"start":{"line":19,"column":4},"end":{"line":21,"column":5}},"10":{"start":{"line":20,"column":6},"end":{"line":20,"column":28}},"11":{"start":{"line":24,"column":2},"end":{"line":26,"column":25}},"12":{"start":{"line":25,"column":4},"end":{"line":25,"column":44}},"13":{"start":{"line":28,"column":2},"end":{"line":66,"column":4}}},"fnMap":{"0":{"name":"DateEntry","decl":{"start":{"line":5,"column":9},"end":{"line":5,"column":18}},"loc":{"start":{"line":5,"column":26},"end":{"line":67,"column":1}},"line":5},"1":{"name":"(anonymous_1)","decl":{"start":{"line":12,"column":12},"end":{"line":12,"column":13}},"loc":{"start":{"line":12,"column":18},"end":{"line":16,"column":3}},"line":12},"2":{"name":"(anonymous_2)","decl":{"start":{"line":18,"column":12},"end":{"line":18,"column":13}},"loc":{"start":{"line":18,"column":18},"end":{"line":22,"column":3}},"line":18},"3":{"name":"(anonymous_3)","decl":{"start":{"line":24,"column":12},"end":{"line":24,"column":13}},"loc":{"start":{"line":24,"column":18},"end":{"line":26,"column":3}},"line":24}},"branchMap":{"0":{"loc":{"start":{"line":13,"column":4},"end":{"line":15,"column":5}},"type":"if","locations":[{"start":{"line":13,"column":4},"end":{"line":15,"column":5}},{"start":{},"end":{}}],"line":13},"1":{"loc":{"start":{"line":19,"column":4},"end":{"line":21,"column":5}},"type":"if","locations":[{"start":{"line":19,"column":4},"end":{"line":21,"column":5}},{"start":{},"end":{}}],"line":19}},"s":{"0":1,"1":1,"2":1,"3":1,"4":1,"5":1,"6":0,"7":0,"8":1,"9":0,"10":0,"11":1,"12":0,"13":1},"f":{"0":1,"1":0,"2":0,"3":0},"b":{"0":[0,0],"1":[0,0]},"_coverageSchema":"1a1c01bbd47fc00a2c39e90264f33305004495a9","hash":"f12e6df8c5d110d80e8ae59bc142f5d7c39488b8"}
,"F:\\unipe-app\\employee-app\\components\\PrimaryButton.jsx": {"path":"F:\\unipe-app\\employee-app\\components\\PrimaryButton.jsx","statementMap":{"0":{"start":{"line":20,"column":22},"end":{"line":48,"column":1}},"1":{"start":{"line":32,"column":2},"end":{"line":47,"column":4}}},"fnMap":{"0":{"name":"(anonymous_0)","decl":{"start":{"line":20,"column":22},"end":{"line":20,"column":23}},"loc":{"start":{"line":31,"column":6},"end":{"line":48,"column":1}},"line":31}},"branchMap":{},"s":{"0":1,"1":1},"f":{"0":1},"b":{},"_coverageSchema":"1a1c01bbd47fc00a2c39e90264f33305004495a9","hash":"3f5b517c09dd78b3ba6408ffd34bc911ef2edeca"}
}
