TN:
SF:KeyboardAvoidingWrapper.jsx
FN:11,(anonymous_0)
FNF:1
FNH:1
FNDA:5,(anonymous_0)
DA:11,2
DA:12,5
LF:2
LH:2
BRDA:17,0,0,5
BRDA:17,0,1,0
BRDA:18,1,0,5
BRDA:18,1,1,0
BRF:4
BRH:2
end_of_record
TN:
SF:assetsTransformer.js
FN:4,(anonymous_0)
FNF:1
FNH:0
FNDA:0,(anonymous_0)
DA:1,3
DA:3,3
DA:5,0
LF:3
LH:2
BRF:0
BRH:0
end_of_record
TN:
SF:styles.jsx
FNF:0
FNH:0
DA:3,4
DA:114,4
DA:128,4
DA:143,4
DA:278,4
DA:295,4
DA:356,4
DA:386,4
DA:396,4
DA:411,4
DA:466,4
DA:493,4
DA:515,4
DA:525,4
DA:546,4
LF:15
LH:15
BRF:0
BRH:0
end_of_record
TN:
SF:components\DateEntry.jsx
FN:5,DateEntry
FN:12,(anonymous_1)
FN:18,(anonymous_2)
FN:24,(anonymous_3)
FNF:4
FNH:0
FNDA:0,DateEntry
FNDA:0,(anonymous_1)
FNDA:0,(anonymous_2)
FNDA:0,(anonymous_3)
DA:6,0
DA:7,0
DA:8,0
DA:9,0
DA:10,0
DA:12,0
DA:13,0
DA:14,0
DA:18,0
DA:19,0
DA:20,0
DA:24,0
DA:25,0
DA:28,0
LF:14
LH:0
BRDA:13,0,0,0
BRDA:13,0,1,0
BRDA:19,1,0,0
BRDA:19,1,1,0
BRF:4
BRH:0
end_of_record
TN:
SF:components\Loading.jsx
FN:5,LoadingComponent
FN:23,Loading
FN:48,(anonymous_2)
FNF:3
FNH:0
FNDA:0,LoadingComponent
FNDA:0,Loading
FNDA:0,(anonymous_2)
DA:6,0
DA:28,0
DA:29,0
DA:40,0
DA:41,0
DA:43,0
DA:48,1
LF:7
LH:1
BRDA:24,0,0,0
BRDA:25,1,0,0
BRDA:26,2,0,0
BRDA:28,3,0,0
BRDA:28,3,1,0
BRDA:40,4,0,0
BRDA:40,4,1,0
BRF:7
BRH:0
end_of_record
TN:
SF:components\PrimaryButton.jsx
FN:20,PrimaryButton
FNF:1
FNH:1
FNDA:1,PrimaryButton
DA:32,1
LF:1
LH:1
BRF:0
BRH:0
end_of_record
TN:
SF:helpers\GenerateDocument.js
FN:1,(anonymous_0)
FNF:1
FNH:1
FNDA:1,(anonymous_0)
DA:1,1
DA:2,1
DA:3,1
DA:5,1
DA:8,1
DA:11,0
DA:21,0
DA:22,0
DA:25,0
DA:35,0
DA:38,0
DA:46,0
DA:49,0
DA:57,0
DA:60,0
DA:66,0
DA:69,0
DA:77,0
DA:80,0
DA:81,0
DA:83,1
DA:86,1
LF:22
LH:7
BRDA:3,0,0,1
BRDA:3,0,1,0
BRDA:3,0,2,0
BRDA:3,0,3,0
BRDA:3,0,4,0
BRDA:3,0,5,0
BRDA:3,0,6,0
BRDA:3,0,7,0
BRDA:13,1,0,0
BRDA:13,1,1,0
BRDA:17,2,0,0
BRDA:17,2,1,0
BRDA:18,3,0,0
BRDA:18,3,1,0
BRDA:19,4,0,0
BRDA:19,4,1,0
BRDA:28,5,0,0
BRDA:28,5,1,0
BRF:18
BRH:1
end_of_record
TN:
SF:navigators\RootNavigation.js
FN:5,navigate
FNF:1
FNH:0
FNDA:0,navigate
DA:3,1
DA:6,0
DA:7,0
LF:3
LH:1
BRDA:6,0,0,0
BRDA:6,0,1,0
BRF:2
BRH:0
end_of_record
TN:
SF:screens\00_login\LoginScreen.jsx
FN:26,LoginScreen
FN:30,(anonymous_1)
FN:38,(anonymous_2)
FN:42,(anonymous_3)
FN:87,(anonymous_4)
FN:95,(anonymous_5)
FN:101,(anonymous_6)
FN:111,(anonymous_7)
FN:118,(anonymous_8)
FN:123,(anonymous_9)
FN:127,(anonymous_10)
FN:131,(anonymous_11)
FN:142,(anonymous_12)
FN:162,(anonymous_13)
FN:173,(anonymous_14)
FN:182,(anonymous_15)
FN:198,(anonymous_16)
FNF:17
FNH:11
FNDA:5,LoginScreen
FNDA:9,(anonymous_1)
FNDA:2,(anonymous_2)
FNDA:2,(anonymous_3)
FNDA:1,(anonymous_4)
FNDA:0,(anonymous_5)
FNDA:0,(anonymous_6)
FNDA:0,(anonymous_7)
FNDA:0,(anonymous_8)
FNDA:2,(anonymous_9)
FNDA:3,(anonymous_10)
FNDA:3,(anonymous_11)
FNDA:2,(anonymous_12)
FNDA:1,(anonymous_13)
FNDA:0,(anonymous_14)
FNDA:0,(anonymous_15)
FNDA:1,(anonymous_16)
DA:27,5
DA:29,5
DA:30,9
DA:32,5
DA:34,5
DA:35,5
DA:36,5
DA:38,5
DA:39,2
DA:42,5
DA:43,2
DA:44,2
DA:45,0
DA:47,2
DA:87,5
DA:88,1
DA:89,1
DA:90,1
DA:94,1
DA:96,0
DA:97,0
DA:98,0
DA:99,0
DA:100,0
DA:102,0
DA:103,0
DA:104,0
DA:105,0
DA:107,0
DA:108,0
DA:112,0
DA:115,0
DA:119,0
DA:123,5
DA:124,2
DA:127,5
DA:128,3
DA:131,5
DA:132,3
DA:133,3
DA:134,1
DA:135,1
DA:137,2
DA:138,2
DA:142,5
DA:143,2
DA:146,5
DA:162,1
DA:174,0
DA:183,0
DA:198,1
LF:51
LH:34
BRDA:98,0,0,0
BRDA:98,0,1,0
BRDA:103,1,0,0
BRDA:103,1,1,0
BRDA:133,2,0,1
BRDA:133,2,1,2
BRDA:133,3,0,3
BRDA:133,3,1,1
BRDA:190,4,0,4
BRDA:190,4,1,1
BRF:10
BRH:6
end_of_record
TN:
SF:screens\00_login\OTPScreen.jsx
FN:26,OTPScreen
FN:27,(anonymous_1)
FN:32,(anonymous_2)
FN:38,(anonymous_3)
FN:42,(anonymous_4)
FN:45,(anonymous_5)
FN:61,(anonymous_6)
FN:79,(anonymous_7)
FN:86,(anonymous_8)
FN:108,(anonymous_9)
FN:115,(anonymous_10)
FN:135,(anonymous_11)
FN:148,(anonymous_12)
FN:149,(anonymous_13)
FNF:14
FNH:0
FNDA:0,OTPScreen
FNDA:0,(anonymous_1)
FNDA:0,(anonymous_2)
FNDA:0,(anonymous_3)
FNDA:0,(anonymous_4)
FNDA:0,(anonymous_5)
FNDA:0,(anonymous_6)
FNDA:0,(anonymous_7)
FNDA:0,(anonymous_8)
FNDA:0,(anonymous_9)
FNDA:0,(anonymous_10)
FNDA:0,(anonymous_11)
FNDA:0,(anonymous_12)
FNDA:0,(anonymous_13)
DA:27,0
DA:28,0
DA:29,0
DA:30,0
DA:31,0
DA:32,0
DA:34,0
DA:36,0
DA:38,0
DA:39,0
DA:42,0
DA:43,0
DA:44,0
DA:45,0
DA:46,0
DA:47,0
DA:48,0
DA:49,0
DA:50,0
DA:61,0
DA:62,0
DA:63,0
DA:65,0
DA:69,0
DA:79,0
DA:87,0
DA:108,0
DA:116,0
DA:136,0
DA:149,0
DA:150,0
DA:152,0
LF:32
LH:0
BRDA:46,0,0,0
BRDA:46,0,1,0
BRDA:47,1,0,0
BRDA:47,1,1,0
BRDA:62,2,0,0
BRDA:62,2,1,0
BRDA:74,3,0,0
BRDA:74,3,1,0
BRDA:103,4,0,0
BRDA:103,4,1,0
BRDA:145,5,0,0
BRDA:145,5,1,0
BRF:12
BRH:0
end_of_record
TN:
SF:screens\00_login\WelcomePage.jsx
FN:15,WelcomePage
FN:17,(anonymous_1)
FN:23,(anonymous_2)
FN:60,(anonymous_3)
FN:125,(anonymous_4)
FNF:5
FNH:5
FNDA:2,WelcomePage
FNDA:2,(anonymous_1)
FNDA:24,(anonymous_2)
FNDA:24,(anonymous_3)
FNDA:1,(anonymous_4)
DA:1,1
DA:16,2
DA:17,2
DA:18,2
DA:23,2
DA:24,24
DA:29,24
DA:31,4
DA:32,4
DA:35,4
DA:36,4
DA:39,4
DA:40,4
DA:43,4
DA:44,4
DA:47,4
DA:48,4
DA:51,4
DA:52,4
DA:55,0
DA:58,24
DA:60,2
DA:61,24
DA:63,2
DA:71,2
DA:96,2
DA:126,1
LF:27
LH:26
BRDA:26,0,0,0
BRDA:26,0,1,24
BRDA:29,1,0,4
BRDA:29,1,1,4
BRDA:29,1,2,4
BRDA:29,1,3,4
BRDA:29,1,4,4
BRDA:29,1,5,4
BRDA:29,1,6,0
BRF:9
BRH:7
end_of_record
TN:
SF:services\employees\employeeServices.js
FN:4,(anonymous_0)
FN:45,(anonymous_1)
FNF:2
FNH:1
FNDA:1,(anonymous_0)
FNDA:0,(anonymous_1)
DA:4,1
DA:5,1
DA:6,1
DA:7,1
DA:9,1
DA:10,1
DA:12,0
DA:13,0
DA:15,0
DA:16,0
DA:18,0
DA:19,0
DA:21,0
DA:22,0
DA:24,0
DA:25,0
DA:27,0
DA:28,0
DA:30,0
DA:31,0
DA:33,1
DA:42,1
DA:45,1
DA:46,0
DA:52,0
LF:25
LH:9
BRDA:7,0,0,1
BRDA:7,0,1,0
BRDA:7,0,2,0
BRDA:7,0,3,0
BRDA:7,0,4,0
BRDA:7,0,5,0
BRDA:7,0,6,0
BRDA:7,0,7,0
BRF:8
BRH:1
end_of_record
TN:
SF:services\employees\endpoints.js
FN:8,(anonymous_0)
FNF:1
FNH:1
FNDA:1,(anonymous_0)
DA:8,1
DA:9,1
DA:10,1
DA:11,0
DA:12,0
DA:14,0
DA:18,1
DA:20,1
DA:21,1
DA:22,1
DA:23,1
DA:24,1
DA:25,1
DA:26,1
DA:27,1
DA:28,1
LF:16
LH:13
BRDA:9,0,0,1
BRDA:9,0,1,0
BRDA:11,1,0,0
BRDA:11,1,1,0
BRF:4
BRH:1
end_of_record
TN:
SF:services\otp\Twilio\verify.js
FN:3,(anonymous_0)
FN:26,(anonymous_1)
FNF:2
FNH:0
FNDA:0,(anonymous_0)
FNDA:0,(anonymous_1)
DA:3,2
DA:4,0
DA:5,0
DA:10,0
DA:18,0
DA:19,0
DA:21,0
DA:22,0
DA:26,2
DA:27,0
DA:28,0
DA:33,0
DA:41,0
DA:42,0
DA:44,0
DA:45,0
DA:49,2
LF:17
LH:3
BRF:0
BRH:0
end_of_record
TN:
SF:store\store.js
FN:35,(anonymous_0)
FNF:1
FNH:1
FNDA:3,(anonymous_0)
DA:15,3
DA:20,3
DA:31,3
DA:33,3
DA:36,3
DA:41,3
LF:6
LH:6
BRF:0
BRH:0
end_of_record
TN:
SF:store\slices\aadhaarSlice.js
FN:15,(anonymous_0)
FN:18,(anonymous_1)
FN:21,(anonymous_2)
FN:24,(anonymous_3)
FN:27,(anonymous_4)
FN:30,(anonymous_5)
FNF:6
FNH:0
FNDA:0,(anonymous_0)
FNDA:0,(anonymous_1)
FNDA:0,(anonymous_2)
FNDA:0,(anonymous_3)
FNDA:0,(anonymous_4)
FNDA:0,(anonymous_5)
DA:3,3
DA:11,3
DA:16,0
DA:19,0
DA:22,0
DA:25,0
DA:28,0
DA:31,0
DA:43,3
LF:9
LH:3
BRF:0
BRH:0
end_of_record
TN:
SF:store\slices\authSlice.js
FN:13,(anonymous_0)
FN:16,(anonymous_1)
FN:19,(anonymous_2)
FN:22,(anonymous_3)
FNF:4
FNH:2
FNDA:2,(anonymous_0)
FNDA:0,(anonymous_1)
FNDA:3,(anonymous_2)
FNDA:0,(anonymous_3)
DA:3,3
DA:9,3
DA:14,2
DA:17,0
DA:20,3
DA:23,0
DA:29,3
LF:7
LH:5
BRF:0
BRH:0
end_of_record
TN:
SF:store\slices\bankSlice.js
FN:19,(anonymous_0)
FN:22,(anonymous_1)
FN:25,(anonymous_2)
FN:28,(anonymous_3)
FN:31,(anonymous_4)
FN:34,(anonymous_5)
FN:37,(anonymous_6)
FN:40,(anonymous_7)
FN:43,(anonymous_8)
FN:46,(anonymous_9)
FNF:10
FNH:0
FNDA:0,(anonymous_0)
FNDA:0,(anonymous_1)
FNDA:0,(anonymous_2)
FNDA:0,(anonymous_3)
FNDA:0,(anonymous_4)
FNDA:0,(anonymous_5)
FNDA:0,(anonymous_6)
FNDA:0,(anonymous_7)
FNDA:0,(anonymous_8)
FNDA:0,(anonymous_9)
DA:3,3
DA:15,3
DA:20,0
DA:23,0
DA:26,0
DA:29,0
DA:32,0
DA:35,0
DA:38,0
DA:41,0
DA:44,0
DA:47,0
DA:63,3
LF:13
LH:3
BRF:0
BRH:0
end_of_record
TN:
SF:store\slices\esicSlice.js
FN:20,(anonymous_0)
FN:30,(anonymous_1)
FN:44,(anonymous_2)
FN:75,(anonymous_3)
FNF:4
FNH:0
FNDA:0,(anonymous_0)
FNDA:0,(anonymous_1)
FNDA:0,(anonymous_2)
FNDA:0,(anonymous_3)
DA:3,3
DA:16,3
DA:21,0
DA:23,0
DA:24,0
DA:26,0
DA:27,0
DA:31,0
DA:33,0
DA:34,0
DA:35,0
DA:36,0
DA:38,0
DA:39,0
DA:40,0
DA:41,0
DA:45,0
DA:47,0
DA:48,0
DA:49,0
DA:50,0
DA:51,0
DA:52,0
DA:53,0
DA:54,0
DA:56,0
DA:57,0
DA:58,0
DA:59,0
DA:60,0
DA:61,0
DA:62,0
DA:63,0
DA:65,0
DA:66,0
DA:67,0
DA:68,0
DA:69,0
DA:70,0
DA:71,0
DA:72,0
DA:76,0
DA:86,3
LF:43
LH:3
BRDA:21,0,0,0
BRDA:21,0,1,0
BRDA:31,1,0,0
BRDA:31,1,1,0
BRDA:33,2,0,0
BRDA:33,2,1,0
BRDA:38,3,0,0
BRDA:38,3,1,0
BRDA:45,4,0,0
BRDA:45,4,1,0
BRDA:45,4,2,0
BRDA:47,5,0,0
BRDA:47,5,1,0
BRDA:49,6,0,0
BRDA:49,6,1,0
BRDA:51,7,0,0
BRDA:51,7,1,0
BRDA:56,8,0,0
BRDA:56,8,1,0
BRDA:58,9,0,0
BRDA:58,9,1,0
BRDA:60,10,0,0
BRDA:60,10,1,0
BRDA:65,11,0,0
BRDA:65,11,1,0
BRDA:67,12,0,0
BRDA:67,12,1,0
BRDA:69,13,0,0
BRDA:69,13,1,0
BRF:29
BRH:0
end_of_record
TN:
SF:store\slices\licenseSlice.js
FN:19,(anonymous_0)
FN:22,(anonymous_1)
FN:25,(anonymous_2)
FN:28,(anonymous_3)
FN:31,(anonymous_4)
FN:34,(anonymous_5)
FN:37,(anonymous_6)
FN:40,(anonymous_7)
FN:43,(anonymous_8)
FN:46,(anonymous_9)
FN:49,(anonymous_10)
FNF:11
FNH:0
FNDA:0,(anonymous_0)
FNDA:0,(anonymous_1)
FNDA:0,(anonymous_2)
FNDA:0,(anonymous_3)
FNDA:0,(anonymous_4)
FNDA:0,(anonymous_5)
FNDA:0,(anonymous_6)
FNDA:0,(anonymous_7)
FNDA:0,(anonymous_8)
FNDA:0,(anonymous_9)
FNDA:0,(anonymous_10)
DA:3,3
DA:15,3
DA:20,0
DA:23,0
DA:26,0
DA:29,0
DA:32,0
DA:35,0
DA:38,0
DA:41,0
DA:44,0
DA:47,0
DA:50,0
DA:67,3
LF:14
LH:3
BRF:0
BRH:0
end_of_record
TN:
SF:store\slices\navigationSlice.js
FN:11,(anonymous_0)
FN:14,(anonymous_1)
FNF:2
FNH:1
FNDA:4,(anonymous_0)
FNDA:0,(anonymous_1)
DA:3,3
DA:7,3
DA:12,4
DA:15,0
DA:20,3
LF:5
LH:4
BRF:0
BRH:0
end_of_record
TN:
SF:store\slices\panSlice.js
FN:17,(anonymous_0)
FN:20,(anonymous_1)
FN:23,(anonymous_2)
FN:26,(anonymous_3)
FN:29,(anonymous_4)
FN:32,(anonymous_5)
FN:35,(anonymous_6)
FN:38,(anonymous_7)
FNF:8
FNH:0
FNDA:0,(anonymous_0)
FNDA:0,(anonymous_1)
FNDA:0,(anonymous_2)
FNDA:0,(anonymous_3)
FNDA:0,(anonymous_4)
FNDA:0,(anonymous_5)
FNDA:0,(anonymous_6)
FNDA:0,(anonymous_7)
DA:3,3
DA:13,3
DA:18,0
DA:21,0
DA:24,0
DA:27,0
DA:30,0
DA:33,0
DA:36,0
DA:39,0
DA:53,3
LF:11
LH:3
BRF:0
BRH:0
end_of_record
TN:
SF:store\slices\profileSlice.js
FN:15,(anonymous_0)
FN:18,(anonymous_1)
FN:21,(anonymous_2)
FN:24,(anonymous_3)
FN:27,(anonymous_4)
FN:30,(anonymous_5)
FNF:6
FNH:0
FNDA:0,(anonymous_0)
FNDA:0,(anonymous_1)
FNDA:0,(anonymous_2)
FNDA:0,(anonymous_3)
FNDA:0,(anonymous_4)
FNDA:0,(anonymous_5)
DA:3,3
DA:11,3
DA:16,0
DA:19,0
DA:22,0
DA:25,0
DA:28,0
DA:31,0
DA:43,3
LF:9
LH:3
BRF:0
BRH:0
end_of_record
