TN:
SF:styles.jsx
FNF:0
FNH:0
DA:3,1
DA:114,1
DA:128,1
DA:143,1
DA:278,1
DA:295,1
DA:356,1
DA:386,1
DA:396,1
DA:411,1
DA:466,1
DA:493,1
DA:515,1
DA:525,1
DA:546,1
LF:15
LH:15
BRF:0
BRH:0
end_of_record
TN:
SF:components\DateEntry.jsx
FN:5,DateEntry
FN:12,(anonymous_1)
FN:18,(anonymous_2)
FN:24,(anonymous_3)
FNF:4
FNH:1
FNDA:1,DateEntry
FNDA:0,(anonymous_1)
FNDA:0,(anonymous_2)
FNDA:0,(anonymous_3)
DA:6,1
DA:7,1
DA:8,1
DA:9,1
DA:10,1
DA:12,1
DA:13,0
DA:14,0
DA:18,1
DA:19,0
DA:20,0
DA:24,1
DA:25,0
DA:28,1
LF:14
LH:9
BRDA:13,0,0,0
BRDA:13,0,1,0
BRDA:19,1,0,0
BRDA:19,1,1,0
BRF:4
BRH:0
end_of_record
TN:
SF:components\PrimaryButton.jsx
FN:20,(anonymous_0)
FNF:1
FNH:1
FNDA:1,(anonymous_0)
DA:20,1
DA:32,1
LF:2
LH:2
BRF:0
BRH:0
end_of_record
